-------------------------------------------------------------------------------
Test set: com.ejemplos.testing.serenity.CucumberTestSuite
-------------------------------------------------------------------------------
Tests run: 15, Failures: 5, Errors: 0, Skipped: 0, Time elapsed: 136.707 s <<< FAILURE! - in com.ejemplos.testing.serenity.CucumberTestSuite
Como usuario quiero poder acceder a la página Home de la web para poder conocer la empresa.validar que usuario con ceguera puede ver los contenidos de Home  Time elapsed: 5.918 s  <<< FAILURE!
java.lang.AssertionError: 

Expecting a value that is a match for: <".*[aeiou].*">
But got..............................: <"...">

Como usuario quiero poder acceder a la página Home de la web para poder conocer la empresa.un usuario con daltonismo puede navegar por la sección Home sin problema  Time elapsed: 8.111 s  <<< FAILURE!
java.lang.AssertionError: 

Expecting fallos contraste with text value that is equal to: <"0">
But got....................................................: <"1">

un usuario accede a la pagina Servicios correctamente.los enlaces del footer son siempre visibles en la página Servicios y funcionan correctamente.  Time elapsed: 9 s  <<< FAILURE!
java.lang.AssertionError: 

Expecting a value that contains: <[lucaticenterprise.herokuapp]>
But got........................: <"https://academiaqa.com/politica-de-privacidad/">

un usuario accede a la pagina Servicios correctamente.la sección redes sociales funciona correctamente  Time elapsed: 7.203 s  <<< FAILURE!
java.lang.AssertionError: 

Expecting a value that contains: <[twitter]>
But got........................: <"https://github.com/guirimalo/LucaticEnterprise">

un usuario accede a la pagina Servicios correctamente.un usuario con daltonismo es capaz de navegar sin problema por la página Servicios  Time elapsed: 7.126 s  <<< FAILURE!
java.lang.AssertionError: 

Expecting fallos contraste with text value that is equal to: <"0">
But got....................................................: <"2">

