-------------------------------------------------------------------------------
Test set: com.ejemplos.testing.serenity.CucumberTestSuite
-------------------------------------------------------------------------------
Tests run: 3, Failures: 1, Errors: 0, Skipped: 0, Time elapsed: 57.616 s <<< FAILURE! - in com.ejemplos.testing.serenity.CucumberTestSuite
Services page.la sección redes sociales funciona correctamente  Time elapsed: 10.194 s  <<< FAILURE!
java.lang.AssertionError: 

Expecting a value that contains: <[twitter]>
But got........................: <"https://github.com/guirimalo/LucaticEnterprise">

