-------------------------------------------------------------------------------
Test set: com.ejemplos.testing.serenity.CucumberTestSuite
-------------------------------------------------------------------------------
Tests run: 3, Failures: 2, Errors: 0, Skipped: 0, Time elapsed: 49.387 s <<< FAILURE! - in com.ejemplos.testing.serenity.CucumberTestSuite
Como usuario quiero poder acceder al formulario en la página Contacto para enviar una solicitud a la empresa.Un usuario en la página de contacto visualiza los términos de uso  Time elapsed: 25.701 s  <<< FAILURE!
java.lang.AssertionError: 

Expecting a value that contains: <[privacidad]>
But got........................: <"https://lucaticenterprise.herokuapp.com/contact.html#!">

Como usuario quiero poder acceder al formulario en la página Contacto para enviar una solicitud a la empresa.un usuario con daltonismo es capaz de navegar sin problema por la página Contacto  Time elapsed: 8.583 s  <<< FAILURE!
java.lang.AssertionError: 

Expecting fallos contraste with text value that is equal to: <"0">
But got....................................................: <"1">

