<?xml version="1.0" encoding="UTF-8"?>
<testsuite xmlns:xsi="http://www.w3.org/2001/XMLSchema-instance" xsi:noNamespaceSchemaLocation="https://maven.apache.org/surefire/maven-failsafe-plugin/xsd/failsafe-test-report-3.0.xsd" version="3.0" name="com.ejemplos.testing.serenity.CucumberTestSuite" time="31.055" tests="4" errors="0" skipped="0" failures="1">
  <properties>
[...]
</properties>
  <testcase name="comprobar que la pagina servicios se carga correctamente" classname="un usuario accede a la pagina Servicios correctamente" time="16.095">
    <system-out><![CDATA[16:43:42.875 [main] INFO  i.c.core.plugin.SerenityReporter - Running feature from file:///C:/Users/picol/eclipse-workspace/RepositorioJenkins/Proyecto3/Proyecto3-Serenity/src/test/resources/features/Servicios/Servicios.feature
16:43:43.227 [main] INFO   - 

-------------------------------------------------------------------------------------
     _______. _______ .______       _______ .__   __.  __  .___________.____    ____ 
    /       ||   ____||   _  \     |   ____||  \ |  | |  | |           |\   \  /   / 
   |   (----`|  |__   |  |_)  |    |  |__   |   \|  | |  | `---|  |----` \   \/   /  
    \   \    |   __|  |      /     |   __|  |  . `  | |  |     |  |       \_    _/   
.----)   |   |  |____ |  |\  \----.|  |____ |  |\   | |  |     |  |         |  |     
|_______/    |_______|| _| `._____||_______||__| \__| |__|     |__|         |__|    
                                                                                     
 News and tutorials at http://www.serenity-bdd.info                                  
 Documentation at https://wakaleo.gitbooks.io/the-serenity-book/content/             
 Join the Serenity Community on Gitter: https://gitter.im/serenity-bdd/serenity-core 
 Serenity BDD Support and Training at http://serenity-bdd.info/#/trainingandsupport  
-------------------------------------------------------------------------------------

16:43:43.231 [main] INFO   - Test Suite Started: un usuario accede a la pagina Servicios correctamente
16:43:43.267 [main] INFO  i.c.core.plugin.SerenityReporter - Running feature from file:///C:/Users/picol/eclipse-workspace/RepositorioJenkins/Proyecto3/Proyecto3-Serenity/src/test/resources/features/getAll/getAll.feature
16:43:43.295 [main] INFO   - Test Suite Started: [HU3] Como administrador quiero poder obtener un listado para ver todos los empleados de la empresa
16:43:43.296 [main] INFO  i.c.core.plugin.SerenityReporter - Running feature from file:///C:/Users/picol/eclipse-workspace/RepositorioJenkins/Proyecto3/Proyecto3-Serenity/src/test/resources/features/Servicios/Servicios.feature
16:43:43.301 [main] INFO   - Test Suite Started: un usuario accede a la pagina Servicios correctamente

Scenario: comprobar que la pagina servicios se carga correctamente             &amp#27;[90m# src/test/resources/features/Servicios/Servicios.feature:3&amp#27;[0m
16:43:43.461 [main] INFO  i.c.core.plugin.SerenityReporter - Running feature from file:///C:/Users/picol/eclipse-workspace/RepositorioJenkins/Proyecto3/Proyecto3-Serenity/src/test/resources/features/Servicios/Servicios.feature
16:43:43.710 [main] INFO   - 
  _____   ___   ___   _____     ___   _____     _     ___   _____   ___   ___  
 |_   _| | __| / __| |_   _|   / __| |_   _|   /_\   | _ \ |_   _| | __| |   \ 
   | |   | _|  \__ \   | |     \__ \   | |    / _ \  |   /   | |   | _|  | |) |
   |_|   |___| |___/   |_|     |___/   |_|   /_/ \_\ |_|_\   |_|   |___| |___/ 

comprobar que la pagina servicios se carga correctamente(un-usuario-accede-a-la-pagina-servicios-correctamente;comprobar-que-la-pagina-servicios-se-carga-correctamente)
--------------------------------------------------------------------------------
  &amp#27;[32mGiven &amp#27;[0m&amp#27;[32mun usuario se encuentra en la web&amp#27;[0m                                      &amp#27;[90m# com.ejemplos.testing.serenity.stepdefinitions.ServiciosStepDefinitions.navigate_To_Luca_Service_Page()&amp#27;[0m
16:43:44.762 [main] INFO  n.s.c.w.d.ChromeDriverProvider - Using automatically driver download
16:43:46.559 [main] INFO  i.g.bonigarcia.wdm.WebDriverManager - Using chromedriver 99.0.4844.51 (resolved driver for Chrome 99)
16:43:46.585 [main] INFO  i.g.bonigarcia.wdm.WebDriverManager - Exporting webdriver.chrome.driver as C:\Users\picol\.cache\selenium\chromedriver\win32\99.0.4844.51\chromedriver.exe
  &amp#27;[32mWhen &amp#27;[0m&amp#27;[32mel &amp#27;[0m&amp#27;[32m&amp#27;[1musuario&amp#27;[0m&amp#27;[32m accede secciÃ³n Servicios&amp#27;[0m                                     &amp#27;[90m# com.ejemplos.testing.serenity.stepdefinitions.ServiciosStepDefinitions.acceder_Seccion_Servicios(net.serenitybdd.screenplay.Actor)&amp#27;[0m
  &amp#27;[32mThen &amp#27;[0m&amp#27;[32mse carga la pÃ¡gina Servicios y se muestran los contenidos correctamente&amp#27;[0m &amp#27;[90m# com.ejemplos.testing.serenity.stepdefinitions.ServiciosStepDefinitions.deberia_cargar_y_mostrar_contenido_correctamente()&amp#27;[0m
16:43:59.119 [main] INFO   - 
  _____   ___   ___   _____     ___     _     ___   ___   ___   ___  
 |_   _| | __| / __| |_   _|   | _ \   /_\   / __| / __| | __| |   \ 
   | |   | _|  \__ \   | |     |  _/  / _ \  \__ \ \__ \ | _|  | |) |
   |_|   |___| |___/   |_|     |_|   /_/ \_\ |___/ |___/ |___| |___/ 

comprobar que la pagina servicios se carga correctamente
----------------------------------------------------------------------
]]></system-out>
    <system-err><![CDATA[Starting ChromeDriver 99.0.4844.51 (d537ec02474b5afe23684e7963d538896c63ac77-refs/branch-heads/4844@{#875}) on port 56489
Only local connections are allowed.
Please see https://chromedriver.chromium.org/security-considerations for suggestions on keeping ChromeDriver safe.
ChromeDriver was started successfully.
abr 05, 2022 4:43:55 P. M. org.openqa.selenium.remote.ProtocolHandshake createSession
INFORMACIÓN: Detected dialect: W3C
abr 05, 2022 4:43:55 P. M. org.openqa.selenium.devtools.CdpVersionFinder findNearestMatch
INFORMACIÓN: Found exact CDP implementation for version 99
]]></system-err>
  </testcase>
  <testcase name="los servicios se muestran en un elemento acordeón" classname="un usuario accede a la pagina Servicios correctamente" time="6.1">
    <failure type="java.lang.AssertionError"><![CDATA[java.lang.AssertionError: 

Expecting .accordion-item that is displayed
But got: web element is not displayed
]]></failure>
    <system-out><![CDATA[
Scenario: los servicios se muestran en un elemento acordeÃ³n &amp#27;[90m# src/test/resources/features/Servicios/Servicios.feature:11&amp#27;[0m
16:43:59.417 [main] INFO  i.c.core.plugin.SerenityReporter - Running feature from file:///C:/Users/picol/eclipse-workspace/RepositorioJenkins/Proyecto3/Proyecto3-Serenity/src/test/resources/features/Servicios/Servicios.feature
16:43:59.423 [main] INFO   - 
  _____   ___   ___   _____     ___   _____     _     ___   _____   ___   ___  
 |_   _| | __| / __| |_   _|   / __| |_   _|   /_\   | _ \ |_   _| | __| |   \ 
   | |   | _|  \__ \   | |     \__ \   | |    / _ \  |   /   | |   | _|  | |) |
   |_|   |___| |___/   |_|     |___/   |_|   /_/ \_\ |_|_\   |_|   |___| |___/ 

los servicios se muestran en un elemento acordeón(un-usuario-accede-a-la-pagina-servicios-correctamente;los-servicios-se-muestran-en-un-elemento-acordeón)
--------------------------------------------------------------------------------
16:43:59.463 [main] INFO  n.s.c.w.d.ChromeDriverProvider - Using automatically driver download
16:43:59.646 [main] INFO  i.g.bonigarcia.wdm.WebDriverManager - Using chromedriver 99.0.4844.51 (resolved driver for Chrome 99)
16:43:59.662 [main] INFO  i.g.bonigarcia.wdm.WebDriverManager - Exporting webdriver.chrome.driver as C:\Users\picol\.cache\selenium\chromedriver\win32\99.0.4844.51\chromedriver.exe
  &amp#27;[32mGiven &amp#27;[0m&amp#27;[32mel &amp#27;[0m&amp#27;[32m&amp#27;[1musuario&amp#27;[0m&amp#27;[32m accede a la pÃ¡gina Servicios&amp#27;[0m             &amp#27;[90m# com.ejemplos.testing.serenity.stepdefinitions.ServiciosStepDefinitions.acceder_a_la_Pagina_Servicios(net.serenitybdd.screenplay.Actor)&amp#27;[0m
  &amp#27;[32mWhen &amp#27;[0m&amp#27;[32mel contenido de la pÃ¡gina se carga&amp#27;[0m                   &amp#27;[90m# com.ejemplos.testing.serenity.stepdefinitions.ServiciosStepDefinitions.deberia_cargar_correctamente()&amp#27;[0m
  &amp#27;[31mThen &amp#27;[0m&amp#27;[31mse muestra al menos un elemento de tipo acordeÃ³n&amp#27;[0m     &amp#27;[90m# com.ejemplos.testing.serenity.stepdefinitions.ServiciosStepDefinitions.deberia_mostrar_un_acordeon()&amp#27;[0m
      &amp#27;[31mjava.lang.AssertionError: 
Expecting .accordion-item that is displayed
But got: web element is not displayed
	at net.serenitybdd.screenplay.ensure.PerformablePredicate.performAs(PerformableExpectations.kt:112)
	at net.serenitybdd.screenplay.ensure.PerformablePredicate$ByteBuddy$mM4eqSZU.performAs$accessor$XBXetel1(Unknown Source)
	at java.base/jdk.internal.reflect.NativeMethodAccessorImpl.invoke0(Native Method)
	at java.base/jdk.internal.reflect.NativeMethodAccessorImpl.invoke(NativeMethodAccessorImpl.java:77)
	at java.base/jdk.internal.reflect.DelegatingMethodAccessorImpl.invoke(DelegatingMethodAccessorImpl.java:43)
	at java.base/java.lang.reflect.Method.invoke(Method.java:568)
	at net.thucydides.core.steps.StepInterceptor.invokeMethod(StepInterceptor.java:503)
	at net.thucydides.core.steps.StepInterceptor.executeTestStepMethod(StepInterceptor.java:483)
	at net.thucydides.core.steps.StepInterceptor.runTestStep(StepInterceptor.java:457)
	at net.thucydides.core.steps.StepInterceptor.runOrSkipMethod(StepInterceptor.java:209)
	at net.thucydides.core.steps.StepInterceptor.testStepResult(StepInterceptor.java:196)
	at net.thucydides.core.steps.StepInterceptor.intercept(StepInterceptor.java:84)
	at net.thucydides.core.steps.ProxyConfiguration$InterceptorDispatcher.intercept(ProxyConfiguration.java:51)
	at net.serenitybdd.screenplay.ensure.PerformablePredicate$ByteBuddy$mM4eqSZU.performAs(Unknown Source)
	at net.serenitybdd.screenplay.Actor.performTask(Actor.java:277)
	at net.serenitybdd.screenplay.Actor.perform(Actor.java:256)
	at net.serenitybdd.screenplay.Actor.attemptsTo(Actor.java:197)
	at net.serenitybdd.screenplay.Actor.attemptsTo(Actor.java:204)
	at com.ejemplos.testing.serenity.stepdefinitions.ServiciosStepDefinitions.deberia_mostrar_un_acordeon(ServiciosStepDefinitions.java:61)
	at âœ½.se muestra al menos un elemento de tipo acordeÃ³n(file:///C:/Users/picol/eclipse-workspace/RepositorioJenkins/Proyecto3/Proyecto3-Serenity/src/test/resources/features/Servicios/Servicios.feature:17)
&amp#27;[0m
16:44:05.433 [main] ERROR  - 
  _____   ___   ___   _____     ___     _     ___   _      ___   ___  
 |_   _| | __| / __| |_   _|   | __|   /_\   |_ _| | |    | __| |   \ 
   | |   | _|  \__ \   | |     | _|   / _ \   | |  | |__  | _|  | |) |
   |_|   |___| |___/   |_|     |_|   /_/ \_\ |___| |____| |___| |___/ 

los servicios se muestran en un elemento acordeón
-----------------------------------------------------------------------
16:44:05.436 [main] ERROR  -     Test failed at step: usuario should see .accordion-item that is displayed
16:44:05.436 [main] ERROR  -     Expecting .accordion-item that is displayedBut got: web element is not displayed
]]></system-out>
    <system-err><![CDATA[Starting ChromeDriver 99.0.4844.51 (d537ec02474b5afe23684e7963d538896c63ac77-refs/branch-heads/4844@{#875}) on port 55709
Only local connections are allowed.
Please see https://chromedriver.chromium.org/security-considerations for suggestions on keeping ChromeDriver safe.
ChromeDriver was started successfully.
abr 05, 2022 4:44:00 P. M. org.openqa.selenium.remote.ProtocolHandshake createSession
INFORMACIÓN: Detected dialect: W3C
abr 05, 2022 4:44:00 P. M. org.openqa.selenium.devtools.CdpVersionFinder findNearestMatch
INFORMACIÓN: Found exact CDP implementation for version 99
]]></system-err>
  </testcase>
  <testcase name="Al hacer una petición se recibe un objeto JSON" classname="[HU3] Como administrador quiero poder obtener un listado para ver todos los empleados de la empresa" time="2.824">
    <system-out><![CDATA[16:44:05.511 [main] INFO  i.c.core.plugin.SerenityReporter - Running feature from file:///C:/Users/picol/eclipse-workspace/RepositorioJenkins/Proyecto3/Proyecto3-Serenity/src/test/resources/features/getAll/getAll.feature
16:44:05.519 [main] INFO   - Test Suite Started: [HU3] Como administrador quiero poder obtener un listado para ver todos los empleados de la empresa

@REQ_P3Q-3 @TEST_P3Q-24 @TESTSET_P3Q-22
Scenario: Al hacer una peticiÃ³n se recibe un objeto JSON &amp#27;[90m# src/test/resources/features/getAll/getAll.feature:21&amp#27;[0m
16:44:05.532 [main] INFO  i.c.core.plugin.SerenityReporter - Running feature from file:///C:/Users/picol/eclipse-workspace/RepositorioJenkins/Proyecto3/Proyecto3-Serenity/src/test/resources/features/getAll/getAll.feature
16:44:05.535 [main] INFO   - 
  _____   ___   ___   _____     ___   _____     _     ___   _____   ___   ___  
 |_   _| | __| / __| |_   _|   / __| |_   _|   /_\   | _ \ |_   _| | __| |   \ 
   | |   | _|  \__ \   | |     \__ \   | |    / _ \  |   /   | |   | _|  | |) |
   |_|   |___| |___/   |_|     |___/   |_|   /_/ \_\ |_|_\   |_|   |___| |___/ 

Al hacer una petición se recibe un objeto JSON([hu3]-como-administrador-quiero-poder-obtener-un-listado-para-ver-todos-los-empleados-de-la-empresa;al-hacer-una-petición-se-recibe-un-objeto-json)
--------------------------------------------------------------------------------
  &amp#27;[32mGiven &amp#27;[0m&amp#27;[32mun administrador&amp#27;[0m                                 &amp#27;[90m# com.ejemplos.testing.serenity.stepdefinitions.GetAllStepDefinitions.un_administrador_logueado()&amp#27;[0m
  &amp#27;[32mWhen &amp#27;[0m&amp#27;[32mhace una peticiÃ³n a la API&amp#27;[0m                        &amp#27;[90m# com.ejemplos.testing.serenity.stepdefinitions.GetAllStepDefinitions.realiza_una_peticion_a_la_API()&amp#27;[0m
  &amp#27;[32mThen &amp#27;[0m&amp#27;[32mobtiene informaciÃ³n en formato JSON&amp#27;[0m               &amp#27;[90m# com.ejemplos.testing.serenity.stepdefinitions.GetAllStepDefinitions.se_obtiene_informacion_en_formato_JSON()&amp#27;[0m
16:44:08.345 [main] INFO   - 
  _____   ___   ___   _____     ___     _     ___   ___   ___   ___  
 |_   _| | __| / __| |_   _|   | _ \   /_\   / __| / __| | __| |   \ 
   | |   | _|  \__ \   | |     |  _/  / _ \  \__ \ \__ \ | _|  | |) |
   |_|   |___| |___/   |_|     |_|   /_/ \_\ |___/ |___/ |___| |___/ 

Al hacer una petición se recibe un objeto JSON
----------------------------------------------------------------------
]]></system-out>
  </testcase>
  <testcase name="Se lanza una petición que devuelve un número determinado de empleados" classname="[HU3] Como administrador quiero poder obtener un listado para ver todos los empleados de la empresa" time="0.839">
    <system-out><![CDATA[
@REQ_P3Q-3 @TEST_P3Q-27 @TESTSET_P3Q-22 @API @Cucumber
Scenario: Se lanza una peticiÃ³n que devuelve un nÃºmero determinado de empleados &amp#27;[90m# src/test/resources/features/getAll/getAll.feature:38&amp#27;[0m
16:44:08.351 [main] INFO  i.c.core.plugin.SerenityReporter - Running feature from file:///C:/Users/picol/eclipse-workspace/RepositorioJenkins/Proyecto3/Proyecto3-Serenity/src/test/resources/features/getAll/getAll.feature
16:44:08.355 [main] INFO   - 
  _____   ___   ___   _____     ___   _____     _     ___   _____   ___   ___  
 |_   _| | __| / __| |_   _|   / __| |_   _|   /_\   | _ \ |_   _| | __| |   \ 
   | |   | _|  \__ \   | |     \__ \   | |    / _ \  |   /   | |   | _|  | |) |
   |_|   |___| |___/   |_|     |___/   |_|   /_/ \_\ |_|_\   |_|   |___| |___/ 

Se lanza una petición que devuelve un número determinado de empleados([hu3]-como-administrador-quiero-poder-obtener-un-listado-para-ver-todos-los-empleados-de-la-empresa;se-lanza-una-petición-que-devuelve-un-número-determinado-de-empleados)
--------------------------------------------------------------------------------
  &amp#27;[32mGiven &amp#27;[0m&amp#27;[32mun administrador&amp#27;[0m                                                        &amp#27;[90m# com.ejemplos.testing.serenity.stepdefinitions.GetAllStepDefinitions.un_administrador_logueado()&amp#27;[0m
  &amp#27;[32mWhen &amp#27;[0m&amp#27;[32mhace una peticiÃ³n a la API&amp#27;[0m                                               &amp#27;[90m# com.ejemplos.testing.serenity.stepdefinitions.GetAllStepDefinitions.realiza_una_peticion_a_la_API()&amp#27;[0m
  &amp#27;[32mAnd &amp#27;[0m&amp#27;[32msabe cuÃ¡ntos empleados existen&amp#27;[0m                                            &amp#27;[90m# com.ejemplos.testing.serenity.stepdefinitions.GetAllStepDefinitions.conoce_el_numero_de_empleados()&amp#27;[0m
  &amp#27;[32mThen &amp#27;[0m&amp#27;[32mrecibe la informaciÃ³n de dichos empleados en formato JSON&amp#27;[0m                &amp#27;[90m# com.ejemplos.testing.serenity.stepdefinitions.GetAllStepDefinitions.se_obtiene_informacion__de_todos_los_empleados_en_formato_JSON()&amp#27;[0m
16:44:09.184 [main] INFO   - 
  _____   ___   ___   _____     ___     _     ___   ___   ___   ___  
 |_   _| | __| / __| |_   _|   | _ \   /_\   / __| / __| | __| |   \ 
   | |   | _|  \__ \   | |     |  _/  / _ \  \__ \ \__ \ | _|  | |) |
   |_|   |___| |___/   |_|     |_|   /_/ \_\ |___/ |___/ |___| |___/ 

Se lanza una petición que devuelve un número determinado de empleados
----------------------------------------------------------------------
]]></system-out>
  </testcase>
</testsuite>