<?xml version="1.0" encoding="UTF-8"?>
<testsuite xmlns:xsi="http://www.w3.org/2001/XMLSchema-instance" xsi:noNamespaceSchemaLocation="https://maven.apache.org/surefire/maven-failsafe-plugin/xsd/failsafe-test-report-3.0.xsd" version="3.0" name="com.ejemplos.testing.serenity.CucumberTestSuite" time="136.707" tests="15" errors="0" skipped="0" failures="5">
  <properties>
[...]
</properties>
  <testcase name="Al hacer una petición se recibe un objeto JSON" classname="Como administrador quiero poder obtener un listado para ver todos los empleados de la empresa" time="4.964">
    <system-out><![CDATA[11:16:04.254 [main] INFO  i.c.core.plugin.SerenityReporter - Running feature from file:///C:/Users/34603/Documents/GitHub/Proyecto3/Proyecto3-Serenity/src/test/resources/features/getAll/getAll.feature
11:16:04.667 [main] INFO   - 

-------------------------------------------------------------------------------------
     _______. _______ .______       _______ .__   __.  __  .___________.____    ____ 
    /       ||   ____||   _  \     |   ____||  \ |  | |  | |           |\   \  /   / 
   |   (----`|  |__   |  |_)  |    |  |__   |   \|  | |  | `---|  |----` \   \/   /  
    \   \    |   __|  |      /     |   __|  |  . `  | |  |     |  |       \_    _/   
.----)   |   |  |____ |  |\  \----.|  |____ |  |\   | |  |     |  |         |  |     
|_______/    |_______|| _| `._____||_______||__| \__| |__|     |__|         |__|    
                                                                                     
 News and tutorials at http://www.serenity-bdd.info                                  
 Documentation at https://wakaleo.gitbooks.io/the-serenity-book/content/             
 Join the Serenity Community on Gitter: https://gitter.im/serenity-bdd/serenity-core 
 Serenity BDD Support and Training at http://serenity-bdd.info/#/trainingandsupport  
-------------------------------------------------------------------------------------

11:16:04.675 [main] INFO   - Test Suite Started: Como administrador quiero poder obtener un listado para ver todos los empleados de la empresa
11:16:04.702 [main] INFO  i.c.core.plugin.SerenityReporter - Running feature from file:///C:/Users/34603/Documents/GitHub/Proyecto3/Proyecto3-Serenity/src/test/resources/features/home/home.feature
11:16:04.713 [main] INFO   - Test Suite Started: Como usuario quiero poder acceder a la página Home de la web para poder conocer la empresa
11:16:04.714 [main] INFO  i.c.core.plugin.SerenityReporter - Running feature from file:///C:/Users/34603/Documents/GitHub/Proyecto3/Proyecto3-Serenity/src/test/resources/features/servicios/servicios.feature
11:16:04.727 [main] INFO   - Test Suite Started: un usuario accede a la pagina Servicios correctamente
11:16:04.728 [main] INFO  i.c.core.plugin.SerenityReporter - Running feature from file:///C:/Users/34603/Documents/GitHub/Proyecto3/Proyecto3-Serenity/src/test/resources/features/getAll/getAll.feature
11:16:04.736 [main] INFO   - Test Suite Started: Como administrador quiero poder obtener un listado para ver todos los empleados de la empresa

Scenario: Al hacer una peticiÃ³n se recibe un objeto JSON &amp#27;[90m# src/test/resources/features/getAll/getAll.feature:3&amp#27;[0m
11:16:04.921 [main] INFO  i.c.core.plugin.SerenityReporter - Running feature from file:///C:/Users/34603/Documents/GitHub/Proyecto3/Proyecto3-Serenity/src/test/resources/features/getAll/getAll.feature
11:16:05.143 [main] INFO   - 
  _____   ___   ___   _____     ___   _____     _     ___   _____   ___   ___  
 |_   _| | __| / __| |_   _|   / __| |_   _|   /_\   | _ \ |_   _| | __| |   \ 
   | |   | _|  \__ \   | |     \__ \   | |    / _ \  |   /   | |   | _|  | |) |
   |_|   |___| |___/   |_|     |___/   |_|   /_/ \_\ |_|_\   |_|   |___| |___/ 

Al hacer una petición se recibe un objeto JSON(como-administrador-quiero-poder-obtener-un-listado-para-ver-todos-los-empleados-de-la-empresa;al-hacer-una-petición-se-recibe-un-objeto-json)
--------------------------------------------------------------------------------
  &amp#27;[32mGiven &amp#27;[0m&amp#27;[32mun administrador&amp#27;[0m                                 &amp#27;[90m# com.ejemplos.testing.serenity.stepdefinitions.GetAllStepDefinitions.un_administrador_logueado()&amp#27;[0m
  &amp#27;[32mWhen &amp#27;[0m&amp#27;[32mhace una peticiÃ³n a la API&amp#27;[0m                        &amp#27;[90m# com.ejemplos.testing.serenity.stepdefinitions.GetAllStepDefinitions.realiza_una_peticion_a_la_API()&amp#27;[0m
  &amp#27;[32mThen &amp#27;[0m&amp#27;[32mobtiene informaciÃ³n en formato JSON&amp#27;[0m               &amp#27;[90m# com.ejemplos.testing.serenity.stepdefinitions.GetAllStepDefinitions.se_obtiene_informacion_en_formato_JSON()&amp#27;[0m
11:16:09.696 [main] INFO   - 
  _____   ___   ___   _____     ___     _     ___   ___   ___   ___  
 |_   _| | __| / __| |_   _|   | _ \   /_\   / __| / __| | __| |   \ 
   | |   | _|  \__ \   | |     |  _/  / _ \  \__ \ \__ \ | _|  | |) |
   |_|   |___| |___/   |_|     |_|   /_/ \_\ |___/ |___/ |___| |___/ 

Al hacer una petición se recibe un objeto JSON
----------------------------------------------------------------------
]]></system-out>
  </testcase>
  <testcase name="Se lanza una petición que devuelve un número determinado de empleados" classname="Como administrador quiero poder obtener un listado para ver todos los empleados de la empresa" time="0.978">
    <system-out><![CDATA[
Scenario: Se lanza una peticiÃ³n que devuelve un nÃºmero determinado de empleados &amp#27;[90m# src/test/resources/features/getAll/getAll.feature:8&amp#27;[0m
11:16:09.729 [main] INFO  i.c.core.plugin.SerenityReporter - Running feature from file:///C:/Users/34603/Documents/GitHub/Proyecto3/Proyecto3-Serenity/src/test/resources/features/getAll/getAll.feature
11:16:09.736 [main] INFO   - 
  _____   ___   ___   _____     ___   _____     _     ___   _____   ___   ___  
 |_   _| | __| / __| |_   _|   / __| |_   _|   /_\   | _ \ |_   _| | __| |   \ 
   | |   | _|  \__ \   | |     \__ \   | |    / _ \  |   /   | |   | _|  | |) |
   |_|   |___| |___/   |_|     |___/   |_|   /_/ \_\ |_|_\   |_|   |___| |___/ 

Se lanza una petición que devuelve un número determinado de empleados(como-administrador-quiero-poder-obtener-un-listado-para-ver-todos-los-empleados-de-la-empresa;se-lanza-una-petición-que-devuelve-un-número-determinado-de-empleados)
--------------------------------------------------------------------------------
  &amp#27;[32mGiven &amp#27;[0m&amp#27;[32mun administrador&amp#27;[0m                                                        &amp#27;[90m# com.ejemplos.testing.serenity.stepdefinitions.GetAllStepDefinitions.un_administrador_logueado()&amp#27;[0m
  &amp#27;[32mWhen &amp#27;[0m&amp#27;[32mhace una peticiÃ³n a la API&amp#27;[0m                                               &amp#27;[90m# com.ejemplos.testing.serenity.stepdefinitions.GetAllStepDefinitions.realiza_una_peticion_a_la_API()&amp#27;[0m
  &amp#27;[32mAnd &amp#27;[0m&amp#27;[32msabe cuÃ¡ntos empleados existen&amp#27;[0m                                            &amp#27;[90m# com.ejemplos.testing.serenity.stepdefinitions.GetAllStepDefinitions.conoce_el_numero_de_empleados()&amp#27;[0m
  &amp#27;[32mThen &amp#27;[0m&amp#27;[32mrecibe la informaciÃ³n de dichos empleados en formato JSON&amp#27;[0m                &amp#27;[90m# com.ejemplos.testing.serenity.stepdefinitions.GetAllStepDefinitions.se_obtiene_informacion__de_todos_los_empleados_en_formato_JSON()&amp#27;[0m
11:16:10.684 [main] INFO   - 
  _____   ___   ___   _____     ___     _     ___   ___   ___   ___  
 |_   _| | __| / __| |_   _|   | _ \   /_\   / __| / __| | __| |   \ 
   | |   | _|  \__ \   | |     |  _/  / _ \  \__ \ \__ \ | _|  | |) |
   |_|   |___| |___/   |_|     |_|   /_/ \_\ |___/ |___/ |___| |___/ 

Se lanza una petición que devuelve un número determinado de empleados
----------------------------------------------------------------------
]]></system-out>
  </testcase>
  <testcase name="la página Home presenta sección de clientes" classname="Como usuario quiero poder acceder a la página Home de la web para poder conocer la empresa" time="19.322">
    <system-out><![CDATA[11:16:10.688 [main] INFO  i.c.core.plugin.SerenityReporter - Running feature from file:///C:/Users/34603/Documents/GitHub/Proyecto3/Proyecto3-Serenity/src/test/resources/features/home/home.feature
11:16:10.694 [main] INFO   - Test Suite Started: Como usuario quiero poder acceder a la página Home de la web para poder conocer la empresa

Scenario: la pÃ¡gina Home presenta secciÃ³n de clientes &amp#27;[90m# src/test/resources/features/home/home.feature:3&amp#27;[0m
11:16:10.714 [main] INFO  i.c.core.plugin.SerenityReporter - Running feature from file:///C:/Users/34603/Documents/GitHub/Proyecto3/Proyecto3-Serenity/src/test/resources/features/home/home.feature
11:16:10.719 [main] INFO   - 
  _____   ___   ___   _____     ___   _____     _     ___   _____   ___   ___  
 |_   _| | __| / __| |_   _|   / __| |_   _|   /_\   | _ \ |_   _| | __| |   \ 
   | |   | _|  \__ \   | |     \__ \   | |    / _ \  |   /   | |   | _|  | |) |
   |_|   |___| |___/   |_|     |___/   |_|   /_/ \_\ |_|_\   |_|   |___| |___/ 

la página Home presenta sección de clientes(como-usuario-quiero-poder-acceder-a-la-página-home-de-la-web-para-poder-conocer-la-empresa;la-página-home-presenta-sección-de-clientes)
--------------------------------------------------------------------------------
11:16:11.448 [main] INFO  n.s.c.w.d.ChromeDriverProvider - Using automatically driver download
11:16:13.482 [main] INFO  i.g.bonigarcia.wdm.WebDriverManager - Using chromedriver 99.0.4844.51 (resolved driver for Chrome 99)
11:16:13.529 [main] INFO  i.g.bonigarcia.wdm.WebDriverManager - Exporting webdriver.chrome.driver as C:\Users\34603\.cache\selenium\chromedriver\win32\99.0.4844.51\chromedriver.exe
  &amp#27;[32mGiven &amp#27;[0m&amp#27;[32mun &amp#27;[0m&amp#27;[32m&amp#27;[1musuario&amp#27;[0m&amp#27;[32m accede a la pÃ¡gina Home&amp#27;[0m            &amp#27;[90m# com.ejemplos.testing.serenity.stepdefinitions.HomeStepDefinitions.is_in_home_page(net.serenitybdd.screenplay.Actor)&amp#27;[0m
  &amp#27;[32mWhen &amp#27;[0m&amp#27;[32mese &amp#27;[0m&amp#27;[32m&amp#27;[1musuario&amp#27;[0m&amp#27;[32m navega por la pÃ¡gina&amp#27;[0m               &amp#27;[90m# com.ejemplos.testing.serenity.stepdefinitions.ServiciosStepDefinitions.servicios_esta_cargado(net.serenitybdd.screenplay.Actor)&amp#27;[0m
  &amp#27;[32mThen &amp#27;[0m&amp#27;[32m&amp#27;[0m&amp#27;[32m&amp#27;[1musuario&amp#27;[0m&amp#27;[32m visualiza secciÃ³n de clientes&amp#27;[0m          &amp#27;[90m# com.ejemplos.testing.serenity.stepdefinitions.HomeStepDefinitions.visualiza_seccion_de_clientes(net.serenitybdd.screenplay.Actor)&amp#27;[0m
11:16:29.709 [main] INFO   - 
  _____   ___   ___   _____     ___     _     ___   ___   ___   ___  
 |_   _| | __| / __| |_   _|   | _ \   /_\   / __| / __| | __| |   \ 
   | |   | _|  \__ \   | |     |  _/  / _ \  \__ \ \__ \ | _|  | |) |
   |_|   |___| |___/   |_|     |_|   /_/ \_\ |___/ |___/ |___| |___/ 

la página Home presenta sección de clientes
----------------------------------------------------------------------
]]></system-out>
    <system-err><![CDATA[Starting ChromeDriver 99.0.4844.51 (d537ec02474b5afe23684e7963d538896c63ac77-refs/branch-heads/4844@{#875}) on port 58781
Only local connections are allowed.
Please see https://chromedriver.chromium.org/security-considerations for suggestions on keeping ChromeDriver safe.
ChromeDriver was started successfully.
abr 06, 2022 11:16:24 A. M. org.openqa.selenium.remote.ProtocolHandshake createSession
INFO: Detected dialect: W3C
abr 06, 2022 11:16:24 A. M. org.openqa.selenium.devtools.CdpVersionFinder findNearestMatch
INFO: Found exact CDP implementation for version 99
]]></system-err>
  </testcase>
  <testcase name="la sección Home presenta descripción y valores de la empresa" classname="Como usuario quiero poder acceder a la página Home de la web para poder conocer la empresa" time="6.172">
    <system-out><![CDATA[
Scenario: la secciÃ³n Home presenta descripciÃ³n y valores de la empresa &amp#27;[90m# src/test/resources/features/home/home.feature:8&amp#27;[0m
11:16:30.034 [main] INFO  i.c.core.plugin.SerenityReporter - Running feature from file:///C:/Users/34603/Documents/GitHub/Proyecto3/Proyecto3-Serenity/src/test/resources/features/home/home.feature
11:16:30.038 [main] INFO   - 
  _____   ___   ___   _____     ___   _____     _     ___   _____   ___   ___  
 |_   _| | __| / __| |_   _|   / __| |_   _|   /_\   | _ \ |_   _| | __| |   \ 
   | |   | _|  \__ \   | |     \__ \   | |    / _ \  |   /   | |   | _|  | |) |
   |_|   |___| |___/   |_|     |___/   |_|   /_/ \_\ |_|_\   |_|   |___| |___/ 

la sección Home presenta descripción y valores de la empresa(como-usuario-quiero-poder-acceder-a-la-página-home-de-la-web-para-poder-conocer-la-empresa;la-sección-home-presenta-descripción-y-valores-de-la-empresa)
--------------------------------------------------------------------------------
11:16:30.066 [main] INFO  n.s.c.w.d.ChromeDriverProvider - Using automatically driver download
11:16:30.278 [main] INFO  i.g.bonigarcia.wdm.WebDriverManager - Using chromedriver 99.0.4844.51 (resolved driver for Chrome 99)
11:16:30.304 [main] INFO  i.g.bonigarcia.wdm.WebDriverManager - Exporting webdriver.chrome.driver as C:\Users\34603\.cache\selenium\chromedriver\win32\99.0.4844.51\chromedriver.exe
  &amp#27;[32mGiven &amp#27;[0m&amp#27;[32mun &amp#27;[0m&amp#27;[32m&amp#27;[1musuario&amp#27;[0m&amp#27;[32m accede a la pÃ¡gina Home&amp#27;[0m                             &amp#27;[90m# com.ejemplos.testing.serenity.stepdefinitions.HomeStepDefinitions.is_in_home_page(net.serenitybdd.screenplay.Actor)&amp#27;[0m
  &amp#27;[32mWhen &amp#27;[0m&amp#27;[32mese &amp#27;[0m&amp#27;[32m&amp#27;[1musuario&amp#27;[0m&amp#27;[32m navega por la pÃ¡gina&amp#27;[0m                                &amp#27;[90m# com.ejemplos.testing.serenity.stepdefinitions.ServiciosStepDefinitions.servicios_esta_cargado(net.serenitybdd.screenplay.Actor)&amp#27;[0m
  &amp#27;[32mThen &amp#27;[0m&amp#27;[32m&amp#27;[0m&amp#27;[32m&amp#27;[1musuario&amp#27;[0m&amp#27;[32m visualiza descripciÃ³n y valores de la empresa&amp#27;[0m           &amp#27;[90m# com.ejemplos.testing.serenity.stepdefinitions.HomeStepDefinitions.visualiza_descripciÃ³n_y_valores_de_la_empresa(net.serenitybdd.screenplay.Actor)&amp#27;[0m
11:16:36.065 [main] INFO   - 
  _____   ___   ___   _____     ___     _     ___   ___   ___   ___  
 |_   _| | __| / __| |_   _|   | _ \   /_\   / __| / __| | __| |   \ 
   | |   | _|  \__ \   | |     |  _/  / _ \  \__ \ \__ \ | _|  | |) |
   |_|   |___| |___/   |_|     |_|   /_/ \_\ |___/ |___/ |___| |___/ 

la sección Home presenta descripción y valores de la empresa
----------------------------------------------------------------------
]]></system-out>
    <system-err><![CDATA[Starting ChromeDriver 99.0.4844.51 (d537ec02474b5afe23684e7963d538896c63ac77-refs/branch-heads/4844@{#875}) on port 52184
Only local connections are allowed.
Please see https://chromedriver.chromium.org/security-considerations for suggestions on keeping ChromeDriver safe.
ChromeDriver was started successfully.
abr 06, 2022 11:16:31 A. M. org.openqa.selenium.remote.ProtocolHandshake createSession
INFO: Detected dialect: W3C
abr 06, 2022 11:16:31 A. M. org.openqa.selenium.devtools.CdpVersionFinder findNearestMatch
INFO: Found exact CDP implementation for version 99
]]></system-err>
  </testcase>
  <testcase name="comprobar que los enlaces del navbar en la sección Home funcionan." classname="Como usuario quiero poder acceder a la página Home de la web para poder conocer la empresa" time="11.37">
    <system-out><![CDATA[
Scenario: comprobar que los enlaces del navbar en la secciÃ³n Home funcionan. &amp#27;[90m# src/test/resources/features/home/home.feature:13&amp#27;[0m
11:16:36.207 [main] INFO  i.c.core.plugin.SerenityReporter - Running feature from file:///C:/Users/34603/Documents/GitHub/Proyecto3/Proyecto3-Serenity/src/test/resources/features/home/home.feature
11:16:36.211 [main] INFO   - 
  _____   ___   ___   _____     ___   _____     _     ___   _____   ___   ___  
 |_   _| | __| / __| |_   _|   / __| |_   _|   /_\   | _ \ |_   _| | __| |   \ 
   | |   | _|  \__ \   | |     \__ \   | |    / _ \  |   /   | |   | _|  | |) |
   |_|   |___| |___/   |_|     |___/   |_|   /_/ \_\ |_|_\   |_|   |___| |___/ 

comprobar que los enlaces del navbar en la sección Home funcionan.(como-usuario-quiero-poder-acceder-a-la-página-home-de-la-web-para-poder-conocer-la-empresa;comprobar-que-los-enlaces-del-navbar-en-la-sección-home-funcionan.)
--------------------------------------------------------------------------------
11:16:36.243 [main] INFO  n.s.c.w.d.ChromeDriverProvider - Using automatically driver download
11:16:36.457 [main] INFO  i.g.bonigarcia.wdm.WebDriverManager - Using chromedriver 99.0.4844.51 (resolved driver for Chrome 99)
11:16:36.478 [main] INFO  i.g.bonigarcia.wdm.WebDriverManager - Exporting webdriver.chrome.driver as C:\Users\34603\.cache\selenium\chromedriver\win32\99.0.4844.51\chromedriver.exe
  &amp#27;[32mGiven &amp#27;[0m&amp#27;[32mun &amp#27;[0m&amp#27;[32m&amp#27;[1musuario&amp#27;[0m&amp#27;[32m accede a la pÃ¡gina Home&amp#27;[0m                                   &amp#27;[90m# com.ejemplos.testing.serenity.stepdefinitions.HomeStepDefinitions.is_in_home_page(net.serenitybdd.screenplay.Actor)&amp#27;[0m
  &amp#27;[32mWhen &amp#27;[0m&amp#27;[32mese &amp#27;[0m&amp#27;[32m&amp#27;[1musuario&amp#27;[0m&amp#27;[32m clica en todos los links del navbar&amp#27;[0m                       &amp#27;[90m# com.ejemplos.testing.serenity.stepdefinitions.HomeStepDefinitions.clica_en_links_navbar(net.serenitybdd.screenplay.Actor)&amp#27;[0m
  &amp#27;[32mThen &amp#27;[0m&amp#27;[32mtodos los links funcionan y redirigen correctamente&amp#27;[0m                   &amp#27;[90m# com.ejemplos.testing.serenity.stepdefinitions.HomeStepDefinitions.links_navbar_home_son_correctos()&amp#27;[0m
11:16:47.436 [main] INFO   - 
  _____   ___   ___   _____     ___     _     ___   ___   ___   ___  
 |_   _| | __| / __| |_   _|   | _ \   /_\   / __| / __| | __| |   \ 
   | |   | _|  \__ \   | |     |  _/  / _ \  \__ \ \__ \ | _|  | |) |
   |_|   |___| |___/   |_|     |_|   /_/ \_\ |___/ |___/ |___| |___/ 

comprobar que los enlaces del navbar en la sección Home funcionan.
----------------------------------------------------------------------
]]></system-out>
    <system-err><![CDATA[Starting ChromeDriver 99.0.4844.51 (d537ec02474b5afe23684e7963d538896c63ac77-refs/branch-heads/4844@{#875}) on port 62209
Only local connections are allowed.
Please see https://chromedriver.chromium.org/security-considerations for suggestions on keeping ChromeDriver safe.
ChromeDriver was started successfully.
abr 06, 2022 11:16:37 A. M. org.openqa.selenium.remote.ProtocolHandshake createSession
INFO: Detected dialect: W3C
abr 06, 2022 11:16:37 A. M. org.openqa.selenium.devtools.CdpVersionFinder findNearestMatch
INFO: Found exact CDP implementation for version 99
]]></system-err>
  </testcase>
  <testcase name="validar que usuario con ceguera puede ver los contenidos de Home" classname="Como usuario quiero poder acceder a la página Home de la web para poder conocer la empresa" time="5.918">
    <failure type="java.lang.AssertionError"><![CDATA[java.lang.AssertionError: 

Expecting a value that is a match for: <".*[aeiou].*">
But got..............................: <"...">
]]></failure>
    <system-out><![CDATA[
Scenario: validar que usuario con ceguera puede ver los contenidos de Home        &amp#27;[90m# src/test/resources/features/home/home.feature:18&amp#27;[0m
11:16:47.575 [main] INFO  i.c.core.plugin.SerenityReporter - Running feature from file:///C:/Users/34603/Documents/GitHub/Proyecto3/Proyecto3-Serenity/src/test/resources/features/home/home.feature
11:16:47.579 [main] INFO   - 
  _____   ___   ___   _____     ___   _____     _     ___   _____   ___   ___  
 |_   _| | __| / __| |_   _|   / __| |_   _|   /_\   | _ \ |_   _| | __| |   \ 
   | |   | _|  \__ \   | |     \__ \   | |    / _ \  |   /   | |   | _|  | |) |
   |_|   |___| |___/   |_|     |___/   |_|   /_/ \_\ |_|_\   |_|   |___| |___/ 

validar que usuario con ceguera puede ver los contenidos de Home(como-usuario-quiero-poder-acceder-a-la-página-home-de-la-web-para-poder-conocer-la-empresa;validar-que-usuario-con-ceguera-puede-ver-los-contenidos-de-home)
--------------------------------------------------------------------------------
11:16:47.605 [main] INFO  n.s.c.w.d.ChromeDriverProvider - Using automatically driver download
11:16:47.805 [main] INFO  i.g.bonigarcia.wdm.WebDriverManager - Using chromedriver 99.0.4844.51 (resolved driver for Chrome 99)
11:16:47.828 [main] INFO  i.g.bonigarcia.wdm.WebDriverManager - Exporting webdriver.chrome.driver as C:\Users\34603\.cache\selenium\chromedriver\win32\99.0.4844.51\chromedriver.exe
  &amp#27;[32mGiven &amp#27;[0m&amp#27;[32mun &amp#27;[0m&amp#27;[32m&amp#27;[1musuario con ceguera&amp#27;[0m&amp#27;[32m accede a la pÃ¡gina Home&amp#27;[0m                            &amp#27;[90m# com.ejemplos.testing.serenity.stepdefinitions.HomeStepDefinitions.is_in_home_page(net.serenitybdd.screenplay.Actor)&amp#27;[0m
  &amp#27;[32mWhen &amp#27;[0m&amp#27;[32mese &amp#27;[0m&amp#27;[32m&amp#27;[1musuario con ceguera&amp#27;[0m&amp#27;[32m navega por la pÃ¡gina&amp#27;[0m                               &amp#27;[90m# com.ejemplos.testing.serenity.stepdefinitions.ServiciosStepDefinitions.servicios_esta_cargado(net.serenitybdd.screenplay.Actor)&amp#27;[0m
  &amp#27;[31mThen &amp#27;[0m&amp#27;[31mes capaz de obtener todos los textos alt de los elementos img de la pagina&amp#27;[0m &amp#27;[90m# com.ejemplos.testing.serenity.stepdefinitions.HomeStepDefinitions.usuario_puede_acceder_a_los_atributos_alt_de_las_imagenes()&amp#27;[0m
      &amp#27;[31mjava.lang.AssertionError: 
Expecting a value that is a match for: <".*[aeiou].*">
But got..............................: <"...">
	at net.serenitybdd.screenplay.ensure.PerformableExpectation.performAs(PerformableExpectations.kt:35)
	at net.serenitybdd.screenplay.ensure.PerformableExpectation$ByteBuddy$GW8zWA6H.performAs$accessor$1wtzujAs(Unknown Source)
	at java.base/jdk.internal.reflect.NativeMethodAccessorImpl.invoke0(Native Method)
	at java.base/jdk.internal.reflect.NativeMethodAccessorImpl.invoke(NativeMethodAccessorImpl.java:78)
	at java.base/jdk.internal.reflect.DelegatingMethodAccessorImpl.invoke(DelegatingMethodAccessorImpl.java:43)
	at java.base/java.lang.reflect.Method.invoke(Method.java:567)
	at net.thucydides.core.steps.StepInterceptor.invokeMethod(StepInterceptor.java:503)
	at net.thucydides.core.steps.StepInterceptor.executeTestStepMethod(StepInterceptor.java:483)
	at net.thucydides.core.steps.StepInterceptor.runTestStep(StepInterceptor.java:457)
	at net.thucydides.core.steps.StepInterceptor.runOrSkipMethod(StepInterceptor.java:209)
	at net.thucydides.core.steps.StepInterceptor.testStepResult(StepInterceptor.java:196)
	at net.thucydides.core.steps.StepInterceptor.intercept(StepInterceptor.java:84)
	at net.thucydides.core.steps.ProxyConfiguration$InterceptorDispatcher.intercept(ProxyConfiguration.java:51)
	at net.serenitybdd.screenplay.ensure.PerformableExpectation$ByteBuddy$GW8zWA6H.performAs(Unknown Source)
	at net.serenitybdd.screenplay.Actor.performTask(Actor.java:277)
	at net.serenitybdd.screenplay.Actor.perform(Actor.java:256)
	at net.serenitybdd.screenplay.Actor.attemptsTo(Actor.java:197)
	at net.serenitybdd.screenplay.Actor.attemptsTo(Actor.java:204)
	at Proyecto3.Serenity@0.0.1-SNAPSHOT/com.ejemplos.testing.serenity.stepdefinitions.HomeStepDefinitions.usuario_puede_acceder_a_los_atributos_alt_de_las_imagenes(HomeStepDefinitions.java:129)
	at âœ½.es capaz de obtener todos los textos alt de los elementos img de la pagina(file:///C:/Users/34603/Documents/GitHub/Proyecto3/Proyecto3-Serenity/src/test/resources/features/home/home.feature:21)
&amp#27;[0m
11:16:53.357 [main] ERROR  - 
  _____   ___   ___   _____     ___     _     ___   _      ___   ___  
 |_   _| | __| / __| |_   _|   | __|   /_\   |_ _| | |    | __| |   \ 
   | |   | _|  \__ \   | |     | _|   / _ \   | |  | |__  | _|  | |) |
   |_|   |___| |___/   |_|     |_|   /_/ \_\ |___| |____| |___| |___/ 

validar que usuario con ceguera puede ver los contenidos de Home
-----------------------------------------------------------------------
11:16:53.362 [main] ERROR  -     Test failed at step: usuario con ceguera should see a value that is a match for: <".*[aeiou].*">
11:16:53.362 [main] ERROR  -     Expecting a value that is a match for: <".*[aeiou].*">But got..............................: <"...">
]]></system-out>
    <system-err><![CDATA[Starting ChromeDriver 99.0.4844.51 (d537ec02474b5afe23684e7963d538896c63ac77-refs/branch-heads/4844@{#875}) on port 54862
Only local connections are allowed.
Please see https://chromedriver.chromium.org/security-considerations for suggestions on keeping ChromeDriver safe.
ChromeDriver was started successfully.
abr 06, 2022 11:16:49 A. M. org.openqa.selenium.remote.ProtocolHandshake createSession
INFO: Detected dialect: W3C
abr 06, 2022 11:16:49 A. M. org.openqa.selenium.devtools.CdpVersionFinder findNearestMatch
INFO: Found exact CDP implementation for version 99
]]></system-err>
  </testcase>
  <testcase name="un usuario con daltonismo puede navegar por la sección Home sin problema" classname="Como usuario quiero poder acceder a la página Home de la web para poder conocer la empresa" time="8.111">
    <failure type="java.lang.AssertionError"><![CDATA[java.lang.AssertionError: 

Expecting fallos contraste with text value that is equal to: <"0">
But got....................................................: <"1">
]]></failure>
    <system-out><![CDATA[
Scenario: un usuario con daltonismo puede navegar por la secciÃ³n Home sin problema &amp#27;[90m# src/test/resources/features/home/home.feature:23&amp#27;[0m
11:16:53.500 [main] INFO  i.c.core.plugin.SerenityReporter - Running feature from file:///C:/Users/34603/Documents/GitHub/Proyecto3/Proyecto3-Serenity/src/test/resources/features/home/home.feature
11:16:53.505 [main] INFO   - 
  _____   ___   ___   _____     ___   _____     _     ___   _____   ___   ___  
 |_   _| | __| / __| |_   _|   / __| |_   _|   /_\   | _ \ |_   _| | __| |   \ 
   | |   | _|  \__ \   | |     \__ \   | |    / _ \  |   /   | |   | _|  | |) |
   |_|   |___| |___/   |_|     |___/   |_|   /_/ \_\ |_|_\   |_|   |___| |___/ 

un usuario con daltonismo puede navegar por la sección Home sin problema(como-usuario-quiero-poder-acceder-a-la-página-home-de-la-web-para-poder-conocer-la-empresa;un-usuario-con-daltonismo-puede-navegar-por-la-sección-home-sin-problema)
--------------------------------------------------------------------------------
11:16:53.532 [main] INFO  n.s.c.w.d.ChromeDriverProvider - Using automatically driver download
11:16:53.772 [main] INFO  i.g.bonigarcia.wdm.WebDriverManager - Using chromedriver 99.0.4844.51 (resolved driver for Chrome 99)
11:16:53.802 [main] INFO  i.g.bonigarcia.wdm.WebDriverManager - Exporting webdriver.chrome.driver as C:\Users\34603\.cache\selenium\chromedriver\win32\99.0.4844.51\chromedriver.exe
  &amp#27;[32mGiven &amp#27;[0m&amp#27;[32mun &amp#27;[0m&amp#27;[32m&amp#27;[1musuario&amp#27;[0m&amp#27;[32m accede a la pÃ¡gina Home&amp#27;[0m                                         &amp#27;[90m# com.ejemplos.testing.serenity.stepdefinitions.HomeStepDefinitions.is_in_home_page(net.serenitybdd.screenplay.Actor)&amp#27;[0m
  &amp#27;[32mWhen &amp#27;[0m&amp#27;[32mese &amp#27;[0m&amp#27;[32m&amp#27;[1musuario&amp#27;[0m&amp#27;[32m navega por la pÃ¡gina&amp#27;[0m                                            &amp#27;[90m# com.ejemplos.testing.serenity.stepdefinitions.ServiciosStepDefinitions.servicios_esta_cargado(net.serenitybdd.screenplay.Actor)&amp#27;[0m
  &amp#27;[31mThen &amp#27;[0m&amp#27;[31mvisualiza la pÃ¡gina sin problemas de contraste&amp#27;[0m                              &amp#27;[90m# com.ejemplos.testing.serenity.stepdefinitions.HomeStepDefinitions.comprobar_contrastes()&amp#27;[0m
      &amp#27;[31mjava.lang.AssertionError: 
Expecting fallos contraste with text value that is equal to: <"0">
But got....................................................: <"1">
	at net.serenitybdd.screenplay.ensure.PerformableExpectation.performAs(PerformableExpectations.kt:35)
	at net.serenitybdd.screenplay.ensure.PerformableExpectation$ByteBuddy$GW8zWA6H.performAs$accessor$1wtzujAs(Unknown Source)
	at java.base/jdk.internal.reflect.NativeMethodAccessorImpl.invoke0(Native Method)
	at java.base/jdk.internal.reflect.NativeMethodAccessorImpl.invoke(NativeMethodAccessorImpl.java:78)
	at java.base/jdk.internal.reflect.DelegatingMethodAccessorImpl.invoke(DelegatingMethodAccessorImpl.java:43)
	at java.base/java.lang.reflect.Method.invoke(Method.java:567)
	at net.thucydides.core.steps.StepInterceptor.invokeMethod(StepInterceptor.java:503)
	at net.thucydides.core.steps.StepInterceptor.executeTestStepMethod(StepInterceptor.java:483)
	at net.thucydides.core.steps.StepInterceptor.runTestStep(StepInterceptor.java:457)
	at net.thucydides.core.steps.StepInterceptor.runOrSkipMethod(StepInterceptor.java:209)
	at net.thucydides.core.steps.StepInterceptor.testStepResult(StepInterceptor.java:196)
	at net.thucydides.core.steps.StepInterceptor.intercept(StepInterceptor.java:84)
	at net.thucydides.core.steps.ProxyConfiguration$InterceptorDispatcher.intercept(ProxyConfiguration.java:51)
	at net.serenitybdd.screenplay.ensure.PerformableExpectation$ByteBuddy$GW8zWA6H.performAs(Unknown Source)
	at net.serenitybdd.screenplay.Actor.performTask(Actor.java:277)
	at net.serenitybdd.screenplay.Actor.perform(Actor.java:256)
	at net.serenitybdd.screenplay.Actor.attemptsTo(Actor.java:197)
	at net.serenitybdd.screenplay.Actor.attemptsTo(Actor.java:204)
	at Proyecto3.Serenity@0.0.1-SNAPSHOT/com.ejemplos.testing.serenity.stepdefinitions.HomeStepDefinitions.comprobar_contrastes(HomeStepDefinitions.java:150)
	at âœ½.visualiza la pÃ¡gina sin problemas de contraste(file:///C:/Users/34603/Documents/GitHub/Proyecto3/Proyecto3-Serenity/src/test/resources/features/home/home.feature:26)
&amp#27;[0m
11:17:01.455 [main] ERROR  - 
  _____   ___   ___   _____     ___     _     ___   _      ___   ___  
 |_   _| | __| / __| |_   _|   | __|   /_\   |_ _| | |    | __| |   \ 
   | |   | _|  \__ \   | |     | _|   / _ \   | |  | |__  | _|  | |) |
   |_|   |___| |___/   |_|     |_|   /_/ \_\ |___| |____| |___| |___/ 

un usuario con daltonismo puede navegar por la sección Home sin problema
-----------------------------------------------------------------------
11:17:01.456 [main] ERROR  -     Test failed at step: usuario should see fallos contraste with text value that is equal to: <"0">
11:17:01.457 [main] ERROR  -     Expecting fallos contraste with text value that is equal to: <"0">But got....................................................: <"1">
]]></system-out>
    <system-err><![CDATA[Starting ChromeDriver 99.0.4844.51 (d537ec02474b5afe23684e7963d538896c63ac77-refs/branch-heads/4844@{#875}) on port 50473
Only local connections are allowed.
Please see https://chromedriver.chromium.org/security-considerations for suggestions on keeping ChromeDriver safe.
ChromeDriver was started successfully.
abr 06, 2022 11:16:54 A. M. org.openqa.selenium.remote.ProtocolHandshake createSession
INFO: Detected dialect: W3C
abr 06, 2022 11:16:54 A. M. org.openqa.selenium.devtools.CdpVersionFinder findNearestMatch
INFO: Found exact CDP implementation for version 99
]]></system-err>
  </testcase>
  <testcase name="comprobar que la pagina servicios se carga correctamente" classname="un usuario accede a la pagina Servicios correctamente" time="3.759">
    <system-out><![CDATA[11:17:01.601 [main] INFO  i.c.core.plugin.SerenityReporter - Running feature from file:///C:/Users/34603/Documents/GitHub/Proyecto3/Proyecto3-Serenity/src/test/resources/features/servicios/servicios.feature
11:17:01.606 [main] INFO   - Test Suite Started: un usuario accede a la pagina Servicios correctamente

Scenario: comprobar que la pagina servicios se carga correctamente             &amp#27;[90m# src/test/resources/features/servicios/servicios.feature:3&amp#27;[0m
11:17:01.618 [main] INFO  i.c.core.plugin.SerenityReporter - Running feature from file:///C:/Users/34603/Documents/GitHub/Proyecto3/Proyecto3-Serenity/src/test/resources/features/servicios/servicios.feature
11:17:01.622 [main] INFO   - 
  _____   ___   ___   _____     ___   _____     _     ___   _____   ___   ___  
 |_   _| | __| / __| |_   _|   / __| |_   _|   /_\   | _ \ |_   _| | __| |   \ 
   | |   | _|  \__ \   | |     \__ \   | |    / _ \  |   /   | |   | _|  | |) |
   |_|   |___| |___/   |_|     |___/   |_|   /_/ \_\ |_|_\   |_|   |___| |___/ 

comprobar que la pagina servicios se carga correctamente(un-usuario-accede-a-la-pagina-servicios-correctamente;comprobar-que-la-pagina-servicios-se-carga-correctamente)
--------------------------------------------------------------------------------
  &amp#27;[32mGiven &amp#27;[0m&amp#27;[32mun &amp#27;[0m&amp#27;[32m&amp#27;[1musuario&amp#27;[0m&amp#27;[32m se encuentra en la web&amp#27;[0m                                      &amp#27;[90m# com.ejemplos.testing.serenity.stepdefinitions.ServiciosStepDefinitions.navigate_To_Luca_Service_Page(net.serenitybdd.screenplay.Actor)&amp#27;[0m
11:17:01.650 [main] INFO  n.s.c.w.d.ChromeDriverProvider - Using automatically driver download
11:17:01.846 [main] INFO  i.g.bonigarcia.wdm.WebDriverManager - Using chromedriver 99.0.4844.51 (resolved driver for Chrome 99)
11:17:01.862 [main] INFO  i.g.bonigarcia.wdm.WebDriverManager - Exporting webdriver.chrome.driver as C:\Users\34603\.cache\selenium\chromedriver\win32\99.0.4844.51\chromedriver.exe
  &amp#27;[32mWhen &amp#27;[0m&amp#27;[32mese &amp#27;[0m&amp#27;[32m&amp#27;[1musuario&amp#27;[0m&amp#27;[32m accede a la secciÃ³n Servicios&amp#27;[0m                               &amp#27;[90m# com.ejemplos.testing.serenity.stepdefinitions.ServiciosStepDefinitions.acceder_Seccion_Servicios(net.serenitybdd.screenplay.Actor)&amp#27;[0m
  &amp#27;[32mThen &amp#27;[0m&amp#27;[32mse carga la pÃ¡gina Servicios y se muestran los contenidos correctamente&amp#27;[0m &amp#27;[90m# com.ejemplos.testing.serenity.stepdefinitions.ServiciosStepDefinitions.deberia_cargar_y_mostrar_contenido_correctamente()&amp#27;[0m
11:17:05.247 [main] INFO   - 
  _____   ___   ___   _____     ___     _     ___   ___   ___   ___  
 |_   _| | __| / __| |_   _|   | _ \   /_\   / __| / __| | __| |   \ 
   | |   | _|  \__ \   | |     |  _/  / _ \  \__ \ \__ \ | _|  | |) |
   |_|   |___| |___/   |_|     |_|   /_/ \_\ |___/ |___/ |___| |___/ 

comprobar que la pagina servicios se carga correctamente
----------------------------------------------------------------------
]]></system-out>
    <system-err><![CDATA[Starting ChromeDriver 99.0.4844.51 (d537ec02474b5afe23684e7963d538896c63ac77-refs/branch-heads/4844@{#875}) on port 54405
Only local connections are allowed.
Please see https://chromedriver.chromium.org/security-considerations for suggestions on keeping ChromeDriver safe.
ChromeDriver was started successfully.
abr 06, 2022 11:17:03 A. M. org.openqa.selenium.remote.ProtocolHandshake createSession
INFO: Detected dialect: W3C
abr 06, 2022 11:17:03 A. M. org.openqa.selenium.devtools.CdpVersionFinder findNearestMatch
INFO: Found exact CDP implementation for version 99
]]></system-err>
  </testcase>
  <testcase name="los enlaces del footer son siempre visibles en la página Servicios y funcionan correctamente." classname="un usuario accede a la pagina Servicios correctamente" time="9">
    <failure type="java.lang.AssertionError"><![CDATA[java.lang.AssertionError: 

Expecting a value that contains: <[lucaticenterprise.herokuapp]>
But got........................: <"https://academiaqa.com/politica-de-privacidad/">
]]></failure>
    <system-out><![CDATA[
Scenario: los enlaces del footer son siempre visibles en la pÃ¡gina Servicios y funcionan correctamente. &amp#27;[90m# src/test/resources/features/servicios/servicios.feature:8&amp#27;[0m
11:17:05.379 [main] INFO  i.c.core.plugin.SerenityReporter - Running feature from file:///C:/Users/34603/Documents/GitHub/Proyecto3/Proyecto3-Serenity/src/test/resources/features/servicios/servicios.feature
11:17:05.381 [main] INFO   - 
  _____   ___   ___   _____     ___   _____     _     ___   _____   ___   ___  
 |_   _| | __| / __| |_   _|   / __| |_   _|   /_\   | _ \ |_   _| | __| |   \ 
   | |   | _|  \__ \   | |     \__ \   | |    / _ \  |   /   | |   | _|  | |) |
   |_|   |___| |___/   |_|     |___/   |_|   /_/ \_\ |_|_\   |_|   |___| |___/ 

los enlaces del footer son siempre visibles en la página Servicios y funcionan correctamente.(un-usuario-accede-a-la-pagina-servicios-correctamente;los-enlaces-del-footer-son-siempre-visibles-en-la-página-servicios-y-funcionan-correctamente.)
--------------------------------------------------------------------------------
11:17:05.406 [main] INFO  n.s.c.w.d.ChromeDriverProvider - Using automatically driver download
11:17:05.606 [main] INFO  i.g.bonigarcia.wdm.WebDriverManager - Using chromedriver 99.0.4844.51 (resolved driver for Chrome 99)
11:17:05.623 [main] INFO  i.g.bonigarcia.wdm.WebDriverManager - Exporting webdriver.chrome.driver as C:\Users\34603\.cache\selenium\chromedriver\win32\99.0.4844.51\chromedriver.exe
  &amp#27;[32mGiven &amp#27;[0m&amp#27;[32mun &amp#27;[0m&amp#27;[32m&amp#27;[1musuario&amp#27;[0m&amp#27;[32m accede a la pÃ¡gina Servicios&amp#27;[0m                                                         &amp#27;[90m# com.ejemplos.testing.serenity.stepdefinitions.ServiciosStepDefinitions.usuario_en_la_secciÃ³n_Servicio(net.serenitybdd.screenplay.Actor)&amp#27;[0m
  &amp#27;[32mWhen &amp#27;[0m&amp#27;[32mese &amp#27;[0m&amp#27;[32m&amp#27;[1musuario&amp#27;[0m&amp#27;[32m navega por la pÃ¡gina&amp#27;[0m                                                                 &amp#27;[90m# com.ejemplos.testing.serenity.stepdefinitions.ServiciosStepDefinitions.servicios_esta_cargado(net.serenitybdd.screenplay.Actor)&amp#27;[0m
  &amp#27;[32mThen &amp#27;[0m&amp#27;[32mhay un elemento footer&amp#27;[0m                                                                           &amp#27;[90m# com.ejemplos.testing.serenity.stepdefinitions.ServiciosStepDefinitions.deberia_haber_un_elemento_footer()&amp#27;[0m
  &amp#27;[32mAnd &amp#27;[0m&amp#27;[32mhay un enlace correcto a la pÃ¡gina Contacto&amp#27;[0m                                                       &amp#27;[90m# com.ejemplos.testing.serenity.stepdefinitions.ServiciosStepDefinitions.el_enlace_a_Contacto_deberia_ser_correcto()&amp#27;[0m
  &amp#27;[31mAnd &amp#27;[0m&amp#27;[31mhay un enlace correcto a la pÃ¡gina Privacidad&amp#27;[0m                                                     &amp#27;[90m# com.ejemplos.testing.serenity.stepdefinitions.ServiciosStepDefinitions.el_enlace_a_Privacidad_deberia_ser_correcto()&amp#27;[0m
      &amp#27;[31mjava.lang.AssertionError: 
Expecting a value that contains: <[lucaticenterprise.herokuapp]>
But got........................: <"https://academiaqa.com/politica-de-privacidad/">
	at net.serenitybdd.screenplay.ensure.PerformableExpectation.performAs(PerformableExpectations.kt:35)
	at net.serenitybdd.screenplay.ensure.PerformableExpectation$ByteBuddy$GW8zWA6H.performAs$accessor$1wtzujAs(Unknown Source)
	at java.base/jdk.internal.reflect.NativeMethodAccessorImpl.invoke0(Native Method)
	at java.base/jdk.internal.reflect.NativeMethodAccessorImpl.invoke(NativeMethodAccessorImpl.java:78)
	at java.base/jdk.internal.reflect.DelegatingMethodAccessorImpl.invoke(DelegatingMethodAccessorImpl.java:43)
	at java.base/java.lang.reflect.Method.invoke(Method.java:567)
	at net.thucydides.core.steps.StepInterceptor.invokeMethod(StepInterceptor.java:503)
	at net.thucydides.core.steps.StepInterceptor.executeTestStepMethod(StepInterceptor.java:483)
	at net.thucydides.core.steps.StepInterceptor.runTestStep(StepInterceptor.java:457)
	at net.thucydides.core.steps.StepInterceptor.runOrSkipMethod(StepInterceptor.java:209)
	at net.thucydides.core.steps.StepInterceptor.testStepResult(StepInterceptor.java:196)
	at net.thucydides.core.steps.StepInterceptor.intercept(StepInterceptor.java:84)
	at net.thucydides.core.steps.ProxyConfiguration$InterceptorDispatcher.intercept(ProxyConfiguration.java:51)
	at net.serenitybdd.screenplay.ensure.PerformableExpectation$ByteBuddy$GW8zWA6H.performAs(Unknown Source)
	at net.serenitybdd.screenplay.Actor.performTask(Actor.java:277)
	at net.serenitybdd.screenplay.Actor.perform(Actor.java:256)
	at net.serenitybdd.screenplay.Actor.attemptsTo(Actor.java:197)
	at net.serenitybdd.screenplay.Actor.attemptsTo(Actor.java:204)
	at Proyecto3.Serenity@0.0.1-SNAPSHOT/com.ejemplos.testing.serenity.stepdefinitions.ServiciosStepDefinitions.el_enlace_a_Privacidad_deberia_ser_correcto(ServiciosStepDefinitions.java:192)
	at âœ½.hay un enlace correcto a la pÃ¡gina Privacidad(file:///C:/Users/34603/Documents/GitHub/Proyecto3/Proyecto3-Serenity/src/test/resources/features/servicios/servicios.feature:13)
&amp#27;[0m
  &amp#27;[36mAnd &amp#27;[0m&amp#27;[36mhay un enlace correcto a la pÃ¡gina Terminos&amp#27;[0m                                                       &amp#27;[90m# com.ejemplos.testing.serenity.stepdefinitions.ServiciosStepDefinitions.el_enlace_a_Terminos_deberia_ser_correcto()&amp#27;[0m
11:17:14.214 [main] ERROR  - 
  _____   ___   ___   _____     ___     _     ___   _      ___   ___  
 |_   _| | __| / __| |_   _|   | __|   /_\   |_ _| | |    | __| |   \ 
   | |   | _|  \__ \   | |     | _|   / _ \   | |  | |__  | _|  | |) |
   |_|   |___| |___/   |_|     |_|   /_/ \_\ |___| |____| |___| |___/ 

los enlaces del footer son siempre visibles en la página Servicios y funcionan correctamente.
-----------------------------------------------------------------------
11:17:14.215 [main] ERROR  -     Test failed at step: usuario should see a value that contains: <[lucaticenterprise.herokuapp]>
11:17:14.215 [main] ERROR  -     Expecting a value that contains: <[lucaticenterprise.herokuapp]>But got........................: <"https://academiaqa.com/politica-de-privacidad/">
]]></system-out>
    <system-err><![CDATA[Starting ChromeDriver 99.0.4844.51 (d537ec02474b5afe23684e7963d538896c63ac77-refs/branch-heads/4844@{#875}) on port 62445
Only local connections are allowed.
Please see https://chromedriver.chromium.org/security-considerations for suggestions on keeping ChromeDriver safe.
ChromeDriver was started successfully.
abr 06, 2022 11:17:06 A. M. org.openqa.selenium.remote.ProtocolHandshake createSession
INFO: Detected dialect: W3C
abr 06, 2022 11:17:06 A. M. org.openqa.selenium.devtools.CdpVersionFinder findNearestMatch
INFO: Found exact CDP implementation for version 99
]]></system-err>
  </testcase>
  <testcase name="la sección redes sociales funciona correctamente" classname="un usuario accede a la pagina Servicios correctamente" time="7.203">
    <failure type="java.lang.AssertionError"><![CDATA[java.lang.AssertionError: 

Expecting a value that contains: <[twitter]>
But got........................: <"https://github.com/guirimalo/LucaticEnterprise">
]]></failure>
    <system-out><![CDATA[
Scenario: la secciÃ³n redes sociales funciona correctamente    &amp#27;[90m# src/test/resources/features/servicios/servicios.feature:16&amp#27;[0m
11:17:14.380 [main] INFO  i.c.core.plugin.SerenityReporter - Running feature from file:///C:/Users/34603/Documents/GitHub/Proyecto3/Proyecto3-Serenity/src/test/resources/features/servicios/servicios.feature
11:17:14.384 [main] INFO   - 
  _____   ___   ___   _____     ___   _____     _     ___   _____   ___   ___  
 |_   _| | __| / __| |_   _|   / __| |_   _|   /_\   | _ \ |_   _| | __| |   \ 
   | |   | _|  \__ \   | |     \__ \   | |    / _ \  |   /   | |   | _|  | |) |
   |_|   |___| |___/   |_|     |___/   |_|   /_/ \_\ |_|_\   |_|   |___| |___/ 

la sección redes sociales funciona correctamente(un-usuario-accede-a-la-pagina-servicios-correctamente;la-sección-redes-sociales-funciona-correctamente)
--------------------------------------------------------------------------------
11:17:14.408 [main] INFO  n.s.c.w.d.ChromeDriverProvider - Using automatically driver download
11:17:14.597 [main] INFO  i.g.bonigarcia.wdm.WebDriverManager - Using chromedriver 99.0.4844.51 (resolved driver for Chrome 99)
11:17:14.611 [main] INFO  i.g.bonigarcia.wdm.WebDriverManager - Exporting webdriver.chrome.driver as C:\Users\34603\.cache\selenium\chromedriver\win32\99.0.4844.51\chromedriver.exe
  &amp#27;[32mGiven &amp#27;[0m&amp#27;[32mun &amp#27;[0m&amp#27;[32m&amp#27;[1musuario&amp#27;[0m&amp#27;[32m accede a la pÃ¡gina Servicios&amp#27;[0m               &amp#27;[90m# com.ejemplos.testing.serenity.stepdefinitions.ServiciosStepDefinitions.usuario_en_la_secciÃ³n_Servicio(net.serenitybdd.screenplay.Actor)&amp#27;[0m
  &amp#27;[32mWhen &amp#27;[0m&amp#27;[32mese &amp#27;[0m&amp#27;[32m&amp#27;[1musuario&amp#27;[0m&amp#27;[32m navega por la pÃ¡gina&amp#27;[0m                       &amp#27;[90m# com.ejemplos.testing.serenity.stepdefinitions.ServiciosStepDefinitions.servicios_esta_cargado(net.serenitybdd.screenplay.Actor)&amp#27;[0m
  &amp#27;[32mThen &amp#27;[0m&amp#27;[32m&amp#27;[0m&amp#27;[32m&amp#27;[1musuario&amp#27;[0m&amp#27;[32m se muestra una secciÃ³n de redes sociales&amp#27;[0m       &amp#27;[90m# com.ejemplos.testing.serenity.stepdefinitions.ServiciosStepDefinitions.se_muestra_una_secciÃ³n_de_redes_sociales(net.serenitybdd.screenplay.Actor)&amp#27;[0m
  &amp#27;[31mAnd &amp#27;[0m&amp#27;[31m&amp#27;[0m&amp#27;[31m&amp#27;[1musuario&amp#27;[0m&amp#27;[31m sus enlaces redirigen correctamente a las redes&amp#27;[0m &amp#27;[90m# com.ejemplos.testing.serenity.stepdefinitions.ServiciosStepDefinitions.sus_enlaces_redirigen_correctamente_a_las_redes(net.serenitybdd.screenplay.Actor)&amp#27;[0m
      &amp#27;[31mjava.lang.AssertionError: 
Expecting a value that contains: <[twitter]>
But got........................: <"https://github.com/guirimalo/LucaticEnterprise">
	at net.serenitybdd.screenplay.ensure.PerformableExpectation.performAs(PerformableExpectations.kt:35)
	at net.serenitybdd.screenplay.ensure.PerformableExpectation$ByteBuddy$GW8zWA6H.performAs$accessor$1wtzujAs(Unknown Source)
	at java.base/jdk.internal.reflect.NativeMethodAccessorImpl.invoke0(Native Method)
	at java.base/jdk.internal.reflect.NativeMethodAccessorImpl.invoke(NativeMethodAccessorImpl.java:78)
	at java.base/jdk.internal.reflect.DelegatingMethodAccessorImpl.invoke(DelegatingMethodAccessorImpl.java:43)
	at java.base/java.lang.reflect.Method.invoke(Method.java:567)
	at net.thucydides.core.steps.StepInterceptor.invokeMethod(StepInterceptor.java:503)
	at net.thucydides.core.steps.StepInterceptor.executeTestStepMethod(StepInterceptor.java:483)
	at net.thucydides.core.steps.StepInterceptor.runTestStep(StepInterceptor.java:457)
	at net.thucydides.core.steps.StepInterceptor.runOrSkipMethod(StepInterceptor.java:209)
	at net.thucydides.core.steps.StepInterceptor.testStepResult(StepInterceptor.java:196)
	at net.thucydides.core.steps.StepInterceptor.intercept(StepInterceptor.java:84)
	at net.thucydides.core.steps.ProxyConfiguration$InterceptorDispatcher.intercept(ProxyConfiguration.java:51)
	at net.serenitybdd.screenplay.ensure.PerformableExpectation$ByteBuddy$GW8zWA6H.performAs(Unknown Source)
	at net.serenitybdd.screenplay.Actor.performTask(Actor.java:277)
	at net.serenitybdd.screenplay.Actor.perform(Actor.java:256)
	at net.serenitybdd.screenplay.Actor.attemptsTo(Actor.java:197)
	at net.serenitybdd.screenplay.Actor.attemptsTo(Actor.java:204)
	at Proyecto3.Serenity@0.0.1-SNAPSHOT/com.ejemplos.testing.serenity.stepdefinitions.ServiciosStepDefinitions.sus_enlaces_redirigen_correctamente_a_las_redes(ServiciosStepDefinitions.java:112)
	at âœ½.usuario sus enlaces redirigen correctamente a las redes(file:///C:/Users/34603/Documents/GitHub/Proyecto3/Proyecto3-Serenity/src/test/resources/features/servicios/servicios.feature:20)
&amp#27;[0m
11:17:21.451 [main] ERROR  - 
  _____   ___   ___   _____     ___     _     ___   _      ___   ___  
 |_   _| | __| / __| |_   _|   | __|   /_\   |_ _| | |    | __| |   \ 
   | |   | _|  \__ \   | |     | _|   / _ \   | |  | |__  | _|  | |) |
   |_|   |___| |___/   |_|     |_|   /_/ \_\ |___| |____| |___| |___/ 

la sección redes sociales funciona correctamente
-----------------------------------------------------------------------
11:17:21.452 [main] ERROR  -     Test failed at step: usuario should see a value that contains: <[twitter]>
11:17:21.453 [main] ERROR  -     Expecting a value that contains: <[twitter]>But got........................: <"https://github.com/guirimalo/LucaticEnterprise">
]]></system-out>
    <system-err><![CDATA[Starting ChromeDriver 99.0.4844.51 (d537ec02474b5afe23684e7963d538896c63ac77-refs/branch-heads/4844@{#875}) on port 58806
Only local connections are allowed.
Please see https://chromedriver.chromium.org/security-considerations for suggestions on keeping ChromeDriver safe.
ChromeDriver was started successfully.
abr 06, 2022 11:17:15 A. M. org.openqa.selenium.remote.ProtocolHandshake createSession
INFO: Detected dialect: W3C
abr 06, 2022 11:17:15 A. M. org.openqa.selenium.devtools.CdpVersionFinder findNearestMatch
INFO: Found exact CDP implementation for version 99
]]></system-err>
  </testcase>
  <testcase name="un usuario con discapacidad visual leve es capaz de ver los contenidos de Servicios" classname="un usuario accede a la pagina Servicios correctamente" time="11.76">
    <system-out><![CDATA[
Scenario: un usuario con discapacidad visual leve es capaz de ver los contenidos de Servicios &amp#27;[90m# src/test/resources/features/servicios/servicios.feature:22&amp#27;[0m
11:17:21.582 [main] INFO  i.c.core.plugin.SerenityReporter - Running feature from file:///C:/Users/34603/Documents/GitHub/Proyecto3/Proyecto3-Serenity/src/test/resources/features/servicios/servicios.feature
11:17:21.585 [main] INFO   - 
  _____   ___   ___   _____     ___   _____     _     ___   _____   ___   ___  
 |_   _| | __| / __| |_   _|   / __| |_   _|   /_\   | _ \ |_   _| | __| |   \ 
   | |   | _|  \__ \   | |     \__ \   | |    / _ \  |   /   | |   | _|  | |) |
   |_|   |___| |___/   |_|     |___/   |_|   /_/ \_\ |_|_\   |_|   |___| |___/ 

un usuario con discapacidad visual leve es capaz de ver los contenidos de Servicios(un-usuario-accede-a-la-pagina-servicios-correctamente;un-usuario-con-discapacidad-visual-leve-es-capaz-de-ver-los-contenidos-de-servicios)
--------------------------------------------------------------------------------
11:17:21.614 [main] INFO  n.s.c.w.d.ChromeDriverProvider - Using automatically driver download
11:17:21.812 [main] INFO  i.g.bonigarcia.wdm.WebDriverManager - Using chromedriver 99.0.4844.51 (resolved driver for Chrome 99)
11:17:21.833 [main] INFO  i.g.bonigarcia.wdm.WebDriverManager - Exporting webdriver.chrome.driver as C:\Users\34603\.cache\selenium\chromedriver\win32\99.0.4844.51\chromedriver.exe
  &amp#27;[32mGiven &amp#27;[0m&amp#27;[32mun &amp#27;[0m&amp#27;[32m&amp#27;[1musuario con discapacidad visual leve&amp#27;[0m&amp#27;[32m accede a la pÃ¡gina Servicios&amp#27;[0m                  &amp#27;[90m# com.ejemplos.testing.serenity.stepdefinitions.ServiciosStepDefinitions.usuario_en_la_secciÃ³n_Servicio(net.serenitybdd.screenplay.Actor)&amp#27;[0m
  &amp#27;[32mWhen &amp#27;[0m&amp#27;[32mese &amp#27;[0m&amp#27;[32m&amp#27;[1musuario con discapacidad visual leve&amp#27;[0m&amp#27;[32m navega por la pÃ¡gina&amp#27;[0m                          &amp#27;[90m# com.ejemplos.testing.serenity.stepdefinitions.ServiciosStepDefinitions.servicios_esta_cargado(net.serenitybdd.screenplay.Actor)&amp#27;[0m
  &amp#27;[32mThen &amp#27;[0m&amp#27;[32mes capaz de leer cualquier texto de la pÃ¡gina&amp#27;[0m                                          &amp#27;[90m# com.ejemplos.testing.serenity.stepdefinitions.ServiciosStepDefinitions.letra_mayor_11()&amp#27;[0m
11:17:33.207 [main] INFO   - 
  _____   ___   ___   _____     ___     _     ___   ___   ___   ___  
 |_   _| | __| / __| |_   _|   | _ \   /_\   / __| / __| | __| |   \ 
   | |   | _|  \__ \   | |     |  _/  / _ \  \__ \ \__ \ | _|  | |) |
   |_|   |___| |___/   |_|     |_|   /_/ \_\ |___/ |___/ |___| |___/ 

un usuario con discapacidad visual leve es capaz de ver los contenidos de Servicios
----------------------------------------------------------------------
]]></system-out>
    <system-err><![CDATA[Starting ChromeDriver 99.0.4844.51 (d537ec02474b5afe23684e7963d538896c63ac77-refs/branch-heads/4844@{#875}) on port 49635
Only local connections are allowed.
Please see https://chromedriver.chromium.org/security-considerations for suggestions on keeping ChromeDriver safe.
ChromeDriver was started successfully.
abr 06, 2022 11:17:22 A. M. org.openqa.selenium.remote.ProtocolHandshake createSession
INFO: Detected dialect: W3C
abr 06, 2022 11:17:23 A. M. org.openqa.selenium.devtools.CdpVersionFinder findNearestMatch
INFO: Found exact CDP implementation for version 99
]]></system-err>
  </testcase>
  <testcase name="un usuario con daltonismo es capaz de navegar sin problema por la página Servicios" classname="un usuario accede a la pagina Servicios correctamente" time="7.126">
    <failure type="java.lang.AssertionError"><![CDATA[java.lang.AssertionError: 

Expecting fallos contraste with text value that is equal to: <"0">
But got....................................................: <"2">
]]></failure>
    <system-out><![CDATA[
Scenario: un usuario con daltonismo es capaz de navegar sin problema por la pÃ¡gina Servicios &amp#27;[90m# src/test/resources/features/servicios/servicios.feature:27&amp#27;[0m
11:17:33.343 [main] INFO  i.c.core.plugin.SerenityReporter - Running feature from file:///C:/Users/34603/Documents/GitHub/Proyecto3/Proyecto3-Serenity/src/test/resources/features/servicios/servicios.feature
11:17:33.346 [main] INFO   - 
  _____   ___   ___   _____     ___   _____     _     ___   _____   ___   ___  
 |_   _| | __| / __| |_   _|   / __| |_   _|   /_\   | _ \ |_   _| | __| |   \ 
   | |   | _|  \__ \   | |     \__ \   | |    / _ \  |   /   | |   | _|  | |) |
   |_|   |___| |___/   |_|     |___/   |_|   /_/ \_\ |_|_\   |_|   |___| |___/ 

un usuario con daltonismo es capaz de navegar sin problema por la página Servicios(un-usuario-accede-a-la-pagina-servicios-correctamente;un-usuario-con-daltonismo-es-capaz-de-navegar-sin-problema-por-la-página-servicios)
--------------------------------------------------------------------------------
11:17:33.369 [main] INFO  n.s.c.w.d.ChromeDriverProvider - Using automatically driver download
11:17:33.570 [main] INFO  i.g.bonigarcia.wdm.WebDriverManager - Using chromedriver 99.0.4844.51 (resolved driver for Chrome 99)
11:17:33.590 [main] INFO  i.g.bonigarcia.wdm.WebDriverManager - Exporting webdriver.chrome.driver as C:\Users\34603\.cache\selenium\chromedriver\win32\99.0.4844.51\chromedriver.exe
  &amp#27;[32mGiven &amp#27;[0m&amp#27;[32mun &amp#27;[0m&amp#27;[32m&amp#27;[1musuario con daltonismo&amp#27;[0m&amp#27;[32m accede a la pÃ¡gina Servicios&amp#27;[0m                               &amp#27;[90m# com.ejemplos.testing.serenity.stepdefinitions.ServiciosStepDefinitions.usuario_en_la_secciÃ³n_Servicio(net.serenitybdd.screenplay.Actor)&amp#27;[0m
  &amp#27;[32mWhen &amp#27;[0m&amp#27;[32mese &amp#27;[0m&amp#27;[32m&amp#27;[1musuario con daltonismo&amp#27;[0m&amp#27;[32m navega por la pÃ¡gina&amp#27;[0m                                       &amp#27;[90m# com.ejemplos.testing.serenity.stepdefinitions.ServiciosStepDefinitions.servicios_esta_cargado(net.serenitybdd.screenplay.Actor)&amp#27;[0m
  &amp#27;[31mThen &amp#27;[0m&amp#27;[31mno tiene ningÃºn impedimento respecto a los contrastes de texto-fondo&amp#27;[0m                  &amp#27;[90m# com.ejemplos.testing.serenity.stepdefinitions.ServiciosStepDefinitions.comprobar_contrastes_()&amp#27;[0m
      &amp#27;[31mjava.lang.AssertionError: 
Expecting fallos contraste with text value that is equal to: <"0">
But got....................................................: <"2">
	at net.serenitybdd.screenplay.ensure.PerformableExpectation.performAs(PerformableExpectations.kt:35)
	at net.serenitybdd.screenplay.ensure.PerformableExpectation$ByteBuddy$GW8zWA6H.performAs$accessor$1wtzujAs(Unknown Source)
	at jdk.internal.reflect.GeneratedMethodAccessor32.invoke(Unknown Source)
	at java.base/jdk.internal.reflect.DelegatingMethodAccessorImpl.invoke(DelegatingMethodAccessorImpl.java:43)
	at java.base/java.lang.reflect.Method.invoke(Method.java:567)
	at net.thucydides.core.steps.StepInterceptor.invokeMethod(StepInterceptor.java:503)
	at net.thucydides.core.steps.StepInterceptor.executeTestStepMethod(StepInterceptor.java:483)
	at net.thucydides.core.steps.StepInterceptor.runTestStep(StepInterceptor.java:457)
	at net.thucydides.core.steps.StepInterceptor.runOrSkipMethod(StepInterceptor.java:209)
	at net.thucydides.core.steps.StepInterceptor.testStepResult(StepInterceptor.java:196)
	at net.thucydides.core.steps.StepInterceptor.intercept(StepInterceptor.java:84)
	at net.thucydides.core.steps.ProxyConfiguration$InterceptorDispatcher.intercept(ProxyConfiguration.java:51)
	at net.serenitybdd.screenplay.ensure.PerformableExpectation$ByteBuddy$GW8zWA6H.performAs(Unknown Source)
	at net.serenitybdd.screenplay.Actor.performTask(Actor.java:277)
	at net.serenitybdd.screenplay.Actor.perform(Actor.java:256)
	at net.serenitybdd.screenplay.Actor.attemptsTo(Actor.java:197)
	at net.serenitybdd.screenplay.Actor.attemptsTo(Actor.java:204)
	at Proyecto3.Serenity@0.0.1-SNAPSHOT/com.ejemplos.testing.serenity.stepdefinitions.ServiciosStepDefinitions.comprobar_contrastes_(ServiciosStepDefinitions.java:174)
	at âœ½.no tiene ningÃºn impedimento respecto a los contrastes de texto-fondo(file:///C:/Users/34603/Documents/GitHub/Proyecto3/Proyecto3-Serenity/src/test/resources/features/servicios/servicios.feature:30)
&amp#27;[0m
11:17:40.330 [main] ERROR  - 
  _____   ___   ___   _____     ___     _     ___   _      ___   ___  
 |_   _| | __| / __| |_   _|   | __|   /_\   |_ _| | |    | __| |   \ 
   | |   | _|  \__ \   | |     | _|   / _ \   | |  | |__  | _|  | |) |
   |_|   |___| |___/   |_|     |_|   /_/ \_\ |___| |____| |___| |___/ 

un usuario con daltonismo es capaz de navegar sin problema por la página Servicios
-----------------------------------------------------------------------
11:17:40.331 [main] ERROR  -     Test failed at step: usuario con daltonismo should see fallos contraste with text value that is equal to: <"0">
11:17:40.331 [main] ERROR  -     Expecting fallos contraste with text value that is equal to: <"0">But got....................................................: <"2">
]]></system-out>
    <system-err><![CDATA[Starting ChromeDriver 99.0.4844.51 (d537ec02474b5afe23684e7963d538896c63ac77-refs/branch-heads/4844@{#875}) on port 49853
Only local connections are allowed.
Please see https://chromedriver.chromium.org/security-considerations for suggestions on keeping ChromeDriver safe.
ChromeDriver was started successfully.
abr 06, 2022 11:17:34 A. M. org.openqa.selenium.remote.ProtocolHandshake createSession
INFO: Detected dialect: W3C
abr 06, 2022 11:17:34 A. M. org.openqa.selenium.devtools.CdpVersionFinder findNearestMatch
INFO: Found exact CDP implementation for version 99
]]></system-err>
  </testcase>
  <testcase name="los servicios se muestran en un elemento acordeón" classname="un usuario accede a la pagina Servicios correctamente" time="4.024">
    <system-out><![CDATA[
Scenario: los servicios se muestran en un elemento acordeÃ³n &amp#27;[90m# src/test/resources/features/servicios/servicios.feature:32&amp#27;[0m
11:17:40.471 [main] INFO  i.c.core.plugin.SerenityReporter - Running feature from file:///C:/Users/34603/Documents/GitHub/Proyecto3/Proyecto3-Serenity/src/test/resources/features/servicios/servicios.feature
11:17:40.473 [main] INFO   - 
  _____   ___   ___   _____     ___   _____     _     ___   _____   ___   ___  
 |_   _| | __| / __| |_   _|   / __| |_   _|   /_\   | _ \ |_   _| | __| |   \ 
   | |   | _|  \__ \   | |     \__ \   | |    / _ \  |   /   | |   | _|  | |) |
   |_|   |___| |___/   |_|     |___/   |_|   /_/ \_\ |_|_\   |_|   |___| |___/ 

los servicios se muestran en un elemento acordeón(un-usuario-accede-a-la-pagina-servicios-correctamente;los-servicios-se-muestran-en-un-elemento-acordeón)
--------------------------------------------------------------------------------
11:17:40.496 [main] INFO  n.s.c.w.d.ChromeDriverProvider - Using automatically driver download
11:17:40.704 [main] INFO  i.g.bonigarcia.wdm.WebDriverManager - Using chromedriver 99.0.4844.51 (resolved driver for Chrome 99)
11:17:40.720 [main] INFO  i.g.bonigarcia.wdm.WebDriverManager - Exporting webdriver.chrome.driver as C:\Users\34603\.cache\selenium\chromedriver\win32\99.0.4844.51\chromedriver.exe
  &amp#27;[32mGiven &amp#27;[0m&amp#27;[32mun &amp#27;[0m&amp#27;[32m&amp#27;[1musuario&amp#27;[0m&amp#27;[32m accede a la pÃ¡gina Servicios&amp#27;[0m             &amp#27;[90m# com.ejemplos.testing.serenity.stepdefinitions.ServiciosStepDefinitions.usuario_en_la_secciÃ³n_Servicio(net.serenitybdd.screenplay.Actor)&amp#27;[0m
  &amp#27;[32mWhen &amp#27;[0m&amp#27;[32mese &amp#27;[0m&amp#27;[32m&amp#27;[1musuario&amp#27;[0m&amp#27;[32m navega por la pÃ¡gina&amp#27;[0m                     &amp#27;[90m# com.ejemplos.testing.serenity.stepdefinitions.ServiciosStepDefinitions.servicios_esta_cargado(net.serenitybdd.screenplay.Actor)&amp#27;[0m
  &amp#27;[32mThen &amp#27;[0m&amp#27;[32mse muestra al menos un elemento de tipo acordeÃ³n&amp#27;[0m     &amp#27;[90m# com.ejemplos.testing.serenity.stepdefinitions.ServiciosStepDefinitions.deberia_mostrar_un_acordeon()&amp#27;[0m
11:17:44.366 [main] INFO   - 
  _____   ___   ___   _____     ___     _     ___   ___   ___   ___  
 |_   _| | __| / __| |_   _|   | _ \   /_\   / __| / __| | __| |   \ 
   | |   | _|  \__ \   | |     |  _/  / _ \  \__ \ \__ \ | _|  | |) |
   |_|   |___| |___/   |_|     |_|   /_/ \_\ |___/ |___/ |___| |___/ 

los servicios se muestran en un elemento acordeón
----------------------------------------------------------------------
]]></system-out>
    <system-err><![CDATA[Starting ChromeDriver 99.0.4844.51 (d537ec02474b5afe23684e7963d538896c63ac77-refs/branch-heads/4844@{#875}) on port 50045
Only local connections are allowed.
Please see https://chromedriver.chromium.org/security-considerations for suggestions on keeping ChromeDriver safe.
ChromeDriver was started successfully.
abr 06, 2022 11:17:41 A. M. org.openqa.selenium.remote.ProtocolHandshake createSession
INFO: Detected dialect: W3C
abr 06, 2022 11:17:41 A. M. org.openqa.selenium.devtools.CdpVersionFinder findNearestMatch
INFO: Found exact CDP implementation for version 99
]]></system-err>
  </testcase>
  <testcase name="un usuario con ceguera es capaz de interpretar los contenidos de Servicios" classname="un usuario accede a la pagina Servicios correctamente" time="6.289">
    <system-out><![CDATA[
Scenario: un usuario con ceguera es capaz de interpretar los contenidos de Servicios        &amp#27;[90m# src/test/resources/features/servicios/servicios.feature:37&amp#27;[0m
11:17:44.495 [main] INFO  i.c.core.plugin.SerenityReporter - Running feature from file:///C:/Users/34603/Documents/GitHub/Proyecto3/Proyecto3-Serenity/src/test/resources/features/servicios/servicios.feature
11:17:44.498 [main] INFO   - 
  _____   ___   ___   _____     ___   _____     _     ___   _____   ___   ___  
 |_   _| | __| / __| |_   _|   / __| |_   _|   /_\   | _ \ |_   _| | __| |   \ 
   | |   | _|  \__ \   | |     \__ \   | |    / _ \  |   /   | |   | _|  | |) |
   |_|   |___| |___/   |_|     |___/   |_|   /_/ \_\ |_|_\   |_|   |___| |___/ 

un usuario con ceguera es capaz de interpretar los contenidos de Servicios(un-usuario-accede-a-la-pagina-servicios-correctamente;un-usuario-con-ceguera-es-capaz-de-interpretar-los-contenidos-de-servicios)
--------------------------------------------------------------------------------
11:17:44.519 [main] INFO  n.s.c.w.d.ChromeDriverProvider - Using automatically driver download
11:17:44.712 [main] INFO  i.g.bonigarcia.wdm.WebDriverManager - Using chromedriver 99.0.4844.51 (resolved driver for Chrome 99)
11:17:44.726 [main] INFO  i.g.bonigarcia.wdm.WebDriverManager - Exporting webdriver.chrome.driver as C:\Users\34603\.cache\selenium\chromedriver\win32\99.0.4844.51\chromedriver.exe
  &amp#27;[32mGiven &amp#27;[0m&amp#27;[32mun &amp#27;[0m&amp#27;[32m&amp#27;[1musuario con ceguera&amp#27;[0m&amp#27;[32m accede a la pÃ¡gina Servicios&amp#27;[0m                                 &amp#27;[90m# com.ejemplos.testing.serenity.stepdefinitions.ServiciosStepDefinitions.usuario_en_la_secciÃ³n_Servicio(net.serenitybdd.screenplay.Actor)&amp#27;[0m
  &amp#27;[32mWhen &amp#27;[0m&amp#27;[32mese &amp#27;[0m&amp#27;[32m&amp#27;[1musuario con ceguera&amp#27;[0m&amp#27;[32m navega por la pÃ¡gina&amp#27;[0m                                         &amp#27;[90m# com.ejemplos.testing.serenity.stepdefinitions.ServiciosStepDefinitions.servicios_esta_cargado(net.serenitybdd.screenplay.Actor)&amp#27;[0m
  &amp#27;[32mThen &amp#27;[0m&amp#27;[32mes capaz de obtener todos los textos alt de los elementos img de la pagina Servicios&amp#27;[0m &amp#27;[90m# com.ejemplos.testing.serenity.stepdefinitions.ServiciosStepDefinitions.es_capaz_de_obtener_todos_los_textos_alt_de_los_elementos_img_de_la_pagina_servicios()&amp#27;[0m
11:17:50.655 [main] INFO   - 
  _____   ___   ___   _____     ___     _     ___   ___   ___   ___  
 |_   _| | __| / __| |_   _|   | _ \   /_\   / __| / __| | __| |   \ 
   | |   | _|  \__ \   | |     |  _/  / _ \  \__ \ \__ \ | _|  | |) |
   |_|   |___| |___/   |_|     |_|   /_/ \_\ |___/ |___/ |___| |___/ 

un usuario con ceguera es capaz de interpretar los contenidos de Servicios
----------------------------------------------------------------------
]]></system-out>
    <system-err><![CDATA[Starting ChromeDriver 99.0.4844.51 (d537ec02474b5afe23684e7963d538896c63ac77-refs/branch-heads/4844@{#875}) on port 59978
Only local connections are allowed.
Please see https://chromedriver.chromium.org/security-considerations for suggestions on keeping ChromeDriver safe.
ChromeDriver was started successfully.
abr 06, 2022 11:17:45 A. M. org.openqa.selenium.remote.ProtocolHandshake createSession
INFO: Detected dialect: W3C
abr 06, 2022 11:17:45 A. M. org.openqa.selenium.devtools.CdpVersionFinder findNearestMatch
INFO: Found exact CDP implementation for version 99
]]></system-err>
  </testcase>
  <testcase name="los enlaces de la barra de navegación en Servicios son siempre visibles y funcionan correctamente." classname="un usuario accede a la pagina Servicios correctamente" time="10.861">
    <system-out><![CDATA[
Scenario: los enlaces de la barra de navegaciÃ³n en Servicios son siempre visibles y funcionan correctamente. &amp#27;[90m# src/test/resources/features/servicios/servicios.feature:42&amp#27;[0m
11:17:50.785 [main] INFO  i.c.core.plugin.SerenityReporter - Running feature from file:///C:/Users/34603/Documents/GitHub/Proyecto3/Proyecto3-Serenity/src/test/resources/features/servicios/servicios.feature
11:17:50.789 [main] INFO   - 
  _____   ___   ___   _____     ___   _____     _     ___   _____   ___   ___  
 |_   _| | __| / __| |_   _|   / __| |_   _|   /_\   | _ \ |_   _| | __| |   \ 
   | |   | _|  \__ \   | |     \__ \   | |    / _ \  |   /   | |   | _|  | |) |
   |_|   |___| |___/   |_|     |___/   |_|   /_/ \_\ |_|_\   |_|   |___| |___/ 

los enlaces de la barra de navegación en Servicios son siempre visibles y funcionan correctamente.(un-usuario-accede-a-la-pagina-servicios-correctamente;los-enlaces-de-la-barra-de-navegación-en-servicios-son-siempre-visibles-y-funcionan-correctamente.)
--------------------------------------------------------------------------------
11:17:50.811 [main] INFO  n.s.c.w.d.ChromeDriverProvider - Using automatically driver download
11:17:51.006 [main] INFO  i.g.bonigarcia.wdm.WebDriverManager - Using chromedriver 99.0.4844.51 (resolved driver for Chrome 99)
11:17:51.021 [main] INFO  i.g.bonigarcia.wdm.WebDriverManager - Exporting webdriver.chrome.driver as C:\Users\34603\.cache\selenium\chromedriver\win32\99.0.4844.51\chromedriver.exe
  &amp#27;[32mGiven &amp#27;[0m&amp#27;[32mun &amp#27;[0m&amp#27;[32m&amp#27;[1musuario&amp#27;[0m&amp#27;[32m accede a la pÃ¡gina Servicios&amp#27;[0m                                                              &amp#27;[90m# com.ejemplos.testing.serenity.stepdefinitions.ServiciosStepDefinitions.usuario_en_la_secciÃ³n_Servicio(net.serenitybdd.screenplay.Actor)&amp#27;[0m
  &amp#27;[32mWhen &amp#27;[0m&amp#27;[32mese &amp#27;[0m&amp#27;[32m&amp#27;[1musuario&amp#27;[0m&amp#27;[32m navega por la pÃ¡gina&amp#27;[0m                                                                      &amp#27;[90m# com.ejemplos.testing.serenity.stepdefinitions.ServiciosStepDefinitions.servicios_esta_cargado(net.serenitybdd.screenplay.Actor)&amp#27;[0m
https://lucaticenterprise.herokuapp.com/service.html
  &amp#27;[32mThen &amp#27;[0m&amp#27;[32mvisualiza un barra de navegaciÃ³n&amp#27;[0m                                                                      &amp#27;[90m# com.ejemplos.testing.serenity.stepdefinitions.ServiciosStepDefinitions.visualiza_una_barra_de_navegacion()&amp#27;[0m
  &amp#27;[32mAnd &amp#27;[0m&amp#27;[32mclica en los elementos&amp#27;[0m                                                                                 &amp#27;[90m# com.ejemplos.testing.serenity.stepdefinitions.ServiciosStepDefinitions.clica_en_los_elementos()&amp#27;[0m
  &amp#27;[32mAnd &amp#27;[0m&amp#27;[32mlos enlaces funcionan correctamente&amp#27;[0m                                                                    &amp#27;[90m# com.ejemplos.testing.serenity.stepdefinitions.ServiciosStepDefinitions.los_enlaces_funcionan_correctamente()&amp#27;[0m
11:18:01.517 [main] INFO   - 
  _____   ___   ___   _____     ___     _     ___   ___   ___   ___  
 |_   _| | __| / __| |_   _|   | _ \   /_\   / __| / __| | __| |   \ 
   | |   | _|  \__ \   | |     |  _/  / _ \  \__ \ \__ \ | _|  | |) |
   |_|   |___| |___/   |_|     |_|   /_/ \_\ |___/ |___/ |___| |___/ 

los enlaces de la barra de navegación en Servicios son siempre visibles y funcionan correctamente.
----------------------------------------------------------------------
]]></system-out>
    <system-err><![CDATA[Starting ChromeDriver 99.0.4844.51 (d537ec02474b5afe23684e7963d538896c63ac77-refs/branch-heads/4844@{#875}) on port 55158
Only local connections are allowed.
Please see https://chromedriver.chromium.org/security-considerations for suggestions on keeping ChromeDriver safe.
ChromeDriver was started successfully.
abr 06, 2022 11:17:52 A. M. org.openqa.selenium.remote.ProtocolHandshake createSession
INFO: Detected dialect: W3C
abr 06, 2022 11:17:52 A. M. org.openqa.selenium.devtools.CdpVersionFinder findNearestMatch
INFO: Found exact CDP implementation for version 99
]]></system-err>
  </testcase>
</testsuite>